mode: atomic
github.com/bokwoon95/pagemanager/sq/exec.go:10.73,12.2 1 23
github.com/bokwoon95/pagemanager/sq/exec.go:14.101,16.2 1 0
github.com/bokwoon95/pagemanager/sq/exec.go:18.111,19.15 1 23
github.com/bokwoon95/pagemanager/sq/exec.go:22.2,22.14 1 23
github.com/bokwoon95/pagemanager/sq/exec.go:25.2,28.39 4 23
github.com/bokwoon95/pagemanager/sq/exec.go:38.2,38.55 1 23
github.com/bokwoon95/pagemanager/sq/exec.go:41.2,41.23 1 23
github.com/bokwoon95/pagemanager/sq/exec.go:69.2,71.15 3 23
github.com/bokwoon95/pagemanager/sq/exec.go:75.2,75.15 1 23
github.com/bokwoon95/pagemanager/sq/exec.go:89.2,90.16 2 23
github.com/bokwoon95/pagemanager/sq/exec.go:93.2,95.27 3 23
github.com/bokwoon95/pagemanager/sq/exec.go:98.2,99.27 2 23
github.com/bokwoon95/pagemanager/sq/exec.go:102.2,102.16 1 23
github.com/bokwoon95/pagemanager/sq/exec.go:105.2,106.16 2 23
github.com/bokwoon95/pagemanager/sq/exec.go:109.2,111.69 3 23
github.com/bokwoon95/pagemanager/sq/exec.go:119.2,119.40 1 23
github.com/bokwoon95/pagemanager/sq/exec.go:19.15,21.3 1 0
github.com/bokwoon95/pagemanager/sq/exec.go:22.14,24.3 1 0
github.com/bokwoon95/pagemanager/sq/exec.go:28.39,30.17 2 23
github.com/bokwoon95/pagemanager/sq/exec.go:30.17,31.45 1 0
github.com/bokwoon95/pagemanager/sq/exec.go:31.45,33.5 1 0
github.com/bokwoon95/pagemanager/sq/exec.go:34.9,36.4 1 23
github.com/bokwoon95/pagemanager/sq/exec.go:38.55,40.3 1 23
github.com/bokwoon95/pagemanager/sq/exec.go:42.19,44.29 2 0
github.com/bokwoon95/pagemanager/sq/exec.go:45.19,48.41 3 0
github.com/bokwoon95/pagemanager/sq/exec.go:52.19,55.43 3 0
github.com/bokwoon95/pagemanager/sq/exec.go:59.19,62.28 3 0
github.com/bokwoon95/pagemanager/sq/exec.go:48.41,51.4 2 0
github.com/bokwoon95/pagemanager/sq/exec.go:55.43,58.4 2 0
github.com/bokwoon95/pagemanager/sq/exec.go:62.28,63.46 1 0
github.com/bokwoon95/pagemanager/sq/exec.go:63.46,66.5 2 0
github.com/bokwoon95/pagemanager/sq/exec.go:71.15,74.3 2 23
github.com/bokwoon95/pagemanager/sq/exec.go:75.15,76.27 1 23
github.com/bokwoon95/pagemanager/sq/exec.go:79.3,79.38 1 23
github.com/bokwoon95/pagemanager/sq/exec.go:82.3,83.31 2 23
github.com/bokwoon95/pagemanager/sq/exec.go:76.27,78.4 1 0
github.com/bokwoon95/pagemanager/sq/exec.go:79.38,81.4 1 0
github.com/bokwoon95/pagemanager/sq/exec.go:83.31,85.4 1 0
github.com/bokwoon95/pagemanager/sq/exec.go:85.9,87.4 1 23
github.com/bokwoon95/pagemanager/sq/exec.go:90.16,92.3 1 0
github.com/bokwoon95/pagemanager/sq/exec.go:95.27,97.3 1 23
github.com/bokwoon95/pagemanager/sq/exec.go:99.27,101.3 1 23
github.com/bokwoon95/pagemanager/sq/exec.go:102.16,104.3 1 0
github.com/bokwoon95/pagemanager/sq/exec.go:106.16,108.3 1 0
github.com/bokwoon95/pagemanager/sq/exec.go:111.69,113.17 2 20
github.com/bokwoon95/pagemanager/sq/exec.go:116.3,117.42 2 20
github.com/bokwoon95/pagemanager/sq/exec.go:113.17,115.4 1 0
github.com/bokwoon95/pagemanager/sq/join_table.go:26.59,32.2 1 90
github.com/bokwoon95/pagemanager/sq/join_table.go:34.63,40.2 1 19
github.com/bokwoon95/pagemanager/sq/join_table.go:42.64,48.2 1 8
github.com/bokwoon95/pagemanager/sq/join_table.go:50.63,56.2 1 8
github.com/bokwoon95/pagemanager/sq/join_table.go:58.39,63.2 1 10
github.com/bokwoon95/pagemanager/sq/join_table.go:65.84,71.2 1 10
github.com/bokwoon95/pagemanager/sq/join_table.go:73.148,74.25 1 141
github.com/bokwoon95/pagemanager/sq/join_table.go:77.2,80.35 1 141
github.com/bokwoon95/pagemanager/sq/join_table.go:83.2,83.99 1 141
github.com/bokwoon95/pagemanager/sq/join_table.go:86.2,87.23 2 141
github.com/bokwoon95/pagemanager/sq/join_table.go:90.2,91.16 2 141
github.com/bokwoon95/pagemanager/sq/join_table.go:94.2,94.59 1 138
github.com/bokwoon95/pagemanager/sq/join_table.go:98.2,98.42 1 138
github.com/bokwoon95/pagemanager/sq/join_table.go:106.2,106.12 1 138
github.com/bokwoon95/pagemanager/sq/join_table.go:74.25,76.3 1 0
github.com/bokwoon95/pagemanager/sq/join_table.go:80.35,82.3 1 0
github.com/bokwoon95/pagemanager/sq/join_table.go:83.99,85.3 1 0
github.com/bokwoon95/pagemanager/sq/join_table.go:87.23,89.3 1 0
github.com/bokwoon95/pagemanager/sq/join_table.go:91.16,93.3 1 3
github.com/bokwoon95/pagemanager/sq/join_table.go:94.59,97.3 2 45
github.com/bokwoon95/pagemanager/sq/join_table.go:98.42,102.17 4 118
github.com/bokwoon95/pagemanager/sq/join_table.go:102.17,104.4 1 0
github.com/bokwoon95/pagemanager/sq/join_table.go:113.150,115.29 2 53
github.com/bokwoon95/pagemanager/sq/join_table.go:124.2,124.12 1 50
github.com/bokwoon95/pagemanager/sq/join_table.go:115.29,116.12 1 135
github.com/bokwoon95/pagemanager/sq/join_table.go:119.3,120.17 2 135
github.com/bokwoon95/pagemanager/sq/join_table.go:116.12,118.4 1 82
github.com/bokwoon95/pagemanager/sq/join_table.go:120.17,122.4 1 3
github.com/bokwoon95/pagemanager/sq/predicate.go:8.41,10.2 1 8
github.com/bokwoon95/pagemanager/sq/predicate.go:21.71,23.2 1 640
github.com/bokwoon95/pagemanager/sq/predicate.go:25.59,28.2 2 0
github.com/bokwoon95/pagemanager/sq/predicate.go:30.44,30.62 1 0
github.com/bokwoon95/pagemanager/sq/predicate.go:32.43,32.56 1 0
github.com/bokwoon95/pagemanager/sq/predicate.go:34.192,35.16 1 545
github.com/bokwoon95/pagemanager/sq/predicate.go:38.2,38.99 1 545
github.com/bokwoon95/pagemanager/sq/predicate.go:35.16,37.3 1 5
github.com/bokwoon95/pagemanager/sq/predicate.go:41.42,44.2 2 5
github.com/bokwoon95/pagemanager/sq/predicate.go:56.194,58.27 2 265
github.com/bokwoon95/pagemanager/sq/predicate.go:113.2,113.12 1 255
github.com/bokwoon95/pagemanager/sq/predicate.go:59.9,60.13 1 1
github.com/bokwoon95/pagemanager/sq/predicate.go:61.9,62.17 1 198
github.com/bokwoon95/pagemanager/sq/predicate.go:65.3,65.38 1 198
github.com/bokwoon95/pagemanager/sq/predicate.go:86.10,87.17 1 66
github.com/bokwoon95/pagemanager/sq/predicate.go:90.3,90.18 1 66
github.com/bokwoon95/pagemanager/sq/predicate.go:93.3,93.42 1 66
github.com/bokwoon95/pagemanager/sq/predicate.go:109.3,109.18 1 65
github.com/bokwoon95/pagemanager/sq/predicate.go:62.17,64.4 1 1
github.com/bokwoon95/pagemanager/sq/predicate.go:66.12,67.44 1 1
github.com/bokwoon95/pagemanager/sq/predicate.go:68.26,69.19 1 6
github.com/bokwoon95/pagemanager/sq/predicate.go:72.4,74.18 3 6
github.com/bokwoon95/pagemanager/sq/predicate.go:77.4,77.19 1 6
github.com/bokwoon95/pagemanager/sq/predicate.go:80.11,82.18 2 191
github.com/bokwoon95/pagemanager/sq/predicate.go:69.19,71.5 1 1
github.com/bokwoon95/pagemanager/sq/predicate.go:74.18,76.5 1 0
github.com/bokwoon95/pagemanager/sq/predicate.go:77.19,79.5 1 1
github.com/bokwoon95/pagemanager/sq/predicate.go:82.18,84.5 1 7
github.com/bokwoon95/pagemanager/sq/predicate.go:87.17,89.4 1 1
github.com/bokwoon95/pagemanager/sq/predicate.go:90.18,92.4 1 12
github.com/bokwoon95/pagemanager/sq/predicate.go:93.42,94.13 1 267
github.com/bokwoon95/pagemanager/sq/predicate.go:101.4,101.24 1 267
github.com/bokwoon95/pagemanager/sq/predicate.go:104.4,105.18 2 266
github.com/bokwoon95/pagemanager/sq/predicate.go:94.13,95.13 1 201
github.com/bokwoon95/pagemanager/sq/predicate.go:95.13,97.6 1 7
github.com/bokwoon95/pagemanager/sq/predicate.go:97.11,99.6 1 194
github.com/bokwoon95/pagemanager/sq/predicate.go:101.24,103.5 1 1
github.com/bokwoon95/pagemanager/sq/predicate.go:105.18,107.5 1 0
github.com/bokwoon95/pagemanager/sq/predicate.go:109.18,111.4 1 11
github.com/bokwoon95/pagemanager/sq/predicate.go:116.44,119.2 2 3
github.com/bokwoon95/pagemanager/sq/predicate.go:121.46,121.64 1 6
github.com/bokwoon95/pagemanager/sq/predicate.go:123.45,123.58 1 0
github.com/bokwoon95/pagemanager/sq/predicate.go:125.78,128.2 2 20
github.com/bokwoon95/pagemanager/sq/predicate.go:130.53,132.2 1 192
github.com/bokwoon95/pagemanager/sq/predicate.go:134.52,136.2 1 5
github.com/bokwoon95/pagemanager/sq/predicate.go:138.32,138.70 1 15
github.com/bokwoon95/pagemanager/sq/predicate.go:140.35,140.77 1 23
github.com/bokwoon95/pagemanager/sq/predicate.go:144.55,147.18 3 544
github.com/bokwoon95/pagemanager/sq/predicate.go:147.18,149.3 1 541
github.com/bokwoon95/pagemanager/sq/predicate.go:149.8,149.24 1 3
github.com/bokwoon95/pagemanager/sq/predicate.go:149.24,151.3 1 3
github.com/bokwoon95/pagemanager/sq/predicate.go:151.8,151.24 1 0
github.com/bokwoon95/pagemanager/sq/predicate.go:151.24,153.3 1 0
github.com/bokwoon95/pagemanager/sq/predicate.go:153.8,155.3 1 0
github.com/bokwoon95/pagemanager/sq/predicate.go:158.37,158.62 1 383
github.com/bokwoon95/pagemanager/sq/predicate.go:160.37,160.63 1 19
github.com/bokwoon95/pagemanager/sq/predicate.go:162.37,162.62 1 46
github.com/bokwoon95/pagemanager/sq/predicate.go:164.37,164.63 1 10
github.com/bokwoon95/pagemanager/sq/predicate.go:166.37,166.62 1 10
github.com/bokwoon95/pagemanager/sq/predicate.go:168.37,168.63 1 76
github.com/bokwoon95/pagemanager/sq/predicate.go:170.37,171.31 1 23
github.com/bokwoon95/pagemanager/sq/predicate.go:174.2,174.39 1 19
github.com/bokwoon95/pagemanager/sq/predicate.go:171.31,173.3 1 4
github.com/bokwoon95/pagemanager/sq/predicate.go:177.32,177.71 1 26
github.com/bokwoon95/pagemanager/sq/predicate.go:179.35,179.78 1 0
github.com/bokwoon95/pagemanager/sq/select_query_sqlite.go:9.153,11.2 1 39
github.com/bokwoon95/pagemanager/sq/select_query_sqlite.go:13.78,15.2 1 20
github.com/bokwoon95/pagemanager/sq/select_query_sqlite.go:17.66,19.2 1 21
github.com/bokwoon95/pagemanager/sq/select_query_sqlite.go:21.48,21.68 1 33
github.com/bokwoon95/pagemanager/sq/select_query_sqlite.go:23.65,29.2 1 20
github.com/bokwoon95/pagemanager/sq/select_query_sqlite.go:31.71,37.2 1 8
github.com/bokwoon95/pagemanager/sq/select_query_sqlite.go:39.71,45.2 1 25
github.com/bokwoon95/pagemanager/sq/select_query_sqlite.go:47.59,53.2 1 13
github.com/bokwoon95/pagemanager/sq/select_query_sqlite.go:55.79,62.2 1 2
github.com/bokwoon95/pagemanager/sq/select_query_sqlite.go:64.64,67.2 2 2
github.com/bokwoon95/pagemanager/sq/select_query_sqlite.go:69.70,72.2 2 11
github.com/bokwoon95/pagemanager/sq/select_query_sqlite.go:74.58,77.2 2 1
github.com/bokwoon95/pagemanager/sq/select_query_sqlite.go:79.78,83.2 3 1
github.com/bokwoon95/pagemanager/sq/select_query_sqlite.go:85.64,88.2 2 28
github.com/bokwoon95/pagemanager/sq/select_query_sqlite.go:90.89,93.2 2 19
github.com/bokwoon95/pagemanager/sq/select_query_sqlite.go:95.93,98.2 2 4
github.com/bokwoon95/pagemanager/sq/select_query_sqlite.go:100.69,103.2 2 1
github.com/bokwoon95/pagemanager/sq/select_query_sqlite.go:105.114,108.2 2 1
github.com/bokwoon95/pagemanager/sq/select_query_sqlite.go:110.77,113.2 2 30
github.com/bokwoon95/pagemanager/sq/select_query_sqlite.go:115.71,118.2 2 5
github.com/bokwoon95/pagemanager/sq/select_query_sqlite.go:120.78,123.2 2 2
github.com/bokwoon95/pagemanager/sq/select_query_sqlite.go:125.71,128.2 2 10
github.com/bokwoon95/pagemanager/sq/select_query_sqlite.go:130.65,134.2 3 9
github.com/bokwoon95/pagemanager/sq/select_query_sqlite.go:136.67,140.2 3 1
github.com/bokwoon95/pagemanager/sq/update_query_sqlite.go:9.153,11.2 1 3
github.com/bokwoon95/pagemanager/sq/update_query_sqlite.go:13.78,15.2 1 1
github.com/bokwoon95/pagemanager/sq/update_query_sqlite.go:17.66,19.2 1 0
github.com/bokwoon95/pagemanager/sq/update_query_sqlite.go:21.48,21.68 1 4
github.com/bokwoon95/pagemanager/sq/update_query_sqlite.go:23.71,29.2 1 1
github.com/bokwoon95/pagemanager/sq/update_query_sqlite.go:31.73,37.2 1 3
github.com/bokwoon95/pagemanager/sq/update_query_sqlite.go:39.64,42.2 2 1
github.com/bokwoon95/pagemanager/sq/update_query_sqlite.go:44.72,47.2 2 1
github.com/bokwoon95/pagemanager/sq/update_query_sqlite.go:49.77,52.2 2 3
github.com/bokwoon95/pagemanager/sq/update_query_sqlite.go:54.79,57.2 2 1
github.com/bokwoon95/pagemanager/sq/update_query_sqlite.go:59.64,62.2 2 2
github.com/bokwoon95/pagemanager/sq/update_query_sqlite.go:64.89,67.2 2 2
github.com/bokwoon95/pagemanager/sq/update_query_sqlite.go:69.93,72.2 2 1
github.com/bokwoon95/pagemanager/sq/update_query_sqlite.go:74.69,77.2 2 1
github.com/bokwoon95/pagemanager/sq/update_query_sqlite.go:79.114,82.2 2 1
github.com/bokwoon95/pagemanager/sq/update_query_sqlite.go:84.77,87.2 2 4
github.com/bokwoon95/pagemanager/sq/update_query_sqlite.go:89.71,92.2 2 1
github.com/bokwoon95/pagemanager/sq/update_query_sqlite.go:94.65,98.2 3 1
github.com/bokwoon95/pagemanager/sq/update_query_sqlite.go:100.67,104.2 3 1
github.com/bokwoon95/pagemanager/sq/cte.go:24.34,24.57 1 14
github.com/bokwoon95/pagemanager/sq/cte.go:26.33,26.55 1 0
github.com/bokwoon95/pagemanager/sq/cte.go:28.141,29.26 1 19
github.com/bokwoon95/pagemanager/sq/cte.go:32.2,32.23 1 15
github.com/bokwoon95/pagemanager/sq/cte.go:35.2,36.12 2 14
github.com/bokwoon95/pagemanager/sq/cte.go:29.26,31.3 1 4
github.com/bokwoon95/pagemanager/sq/cte.go:32.23,34.3 1 1
github.com/bokwoon95/pagemanager/sq/cte.go:39.61,41.2 1 66
github.com/bokwoon95/pagemanager/sq/cte.go:43.70,45.2 1 4
github.com/bokwoon95/pagemanager/sq/cte.go:47.35,51.2 3 0
github.com/bokwoon95/pagemanager/sq/cte.go:53.38,57.2 3 0
github.com/bokwoon95/pagemanager/sq/cte.go:59.77,68.16 2 70
github.com/bokwoon95/pagemanager/sq/cte.go:72.2,72.18 1 68
github.com/bokwoon95/pagemanager/sq/cte.go:76.2,76.30 1 66
github.com/bokwoon95/pagemanager/sq/cte.go:98.2,98.43 1 63
github.com/bokwoon95/pagemanager/sq/cte.go:101.2,101.12 1 63
github.com/bokwoon95/pagemanager/sq/cte.go:68.16,71.3 2 2
github.com/bokwoon95/pagemanager/sq/cte.go:72.18,75.3 2 2
github.com/bokwoon95/pagemanager/sq/cte.go:76.30,78.17 2 19
github.com/bokwoon95/pagemanager/sq/cte.go:82.3,82.23 1 18
github.com/bokwoon95/pagemanager/sq/cte.go:86.3,86.32 1 17
github.com/bokwoon95/pagemanager/sq/cte.go:78.17,81.4 2 1
github.com/bokwoon95/pagemanager/sq/cte.go:82.23,85.4 2 1
github.com/bokwoon95/pagemanager/sq/cte.go:86.32,88.23 2 24
github.com/bokwoon95/pagemanager/sq/cte.go:91.4,91.23 1 24
github.com/bokwoon95/pagemanager/sq/cte.go:95.4,95.54 1 23
github.com/bokwoon95/pagemanager/sq/cte.go:88.23,90.5 1 19
github.com/bokwoon95/pagemanager/sq/cte.go:91.23,94.5 2 1
github.com/bokwoon95/pagemanager/sq/cte.go:98.43,100.3 1 71
github.com/bokwoon95/pagemanager/sq/cte.go:104.37,105.26 1 6
github.com/bokwoon95/pagemanager/sq/cte.go:108.2,108.23 1 5
github.com/bokwoon95/pagemanager/sq/cte.go:112.2,112.22 1 4
github.com/bokwoon95/pagemanager/sq/cte.go:116.2,116.30 1 3
github.com/bokwoon95/pagemanager/sq/cte.go:120.2,121.12 2 2
github.com/bokwoon95/pagemanager/sq/cte.go:105.26,107.3 1 1
github.com/bokwoon95/pagemanager/sq/cte.go:108.23,111.3 2 1
github.com/bokwoon95/pagemanager/sq/cte.go:112.22,115.3 2 1
github.com/bokwoon95/pagemanager/sq/cte.go:116.30,119.3 2 1
github.com/bokwoon95/pagemanager/sq/cte.go:124.49,135.2 1 127
github.com/bokwoon95/pagemanager/sq/cte.go:141.143,143.27 2 49
github.com/bokwoon95/pagemanager/sq/cte.go:149.2,149.21 1 49
github.com/bokwoon95/pagemanager/sq/cte.go:154.2,154.27 1 49
github.com/bokwoon95/pagemanager/sq/cte.go:194.2,195.12 2 37
github.com/bokwoon95/pagemanager/sq/cte.go:143.27,144.22 1 58
github.com/bokwoon95/pagemanager/sq/cte.go:144.22,146.9 2 4
github.com/bokwoon95/pagemanager/sq/cte.go:149.21,151.3 1 4
github.com/bokwoon95/pagemanager/sq/cte.go:151.8,153.3 1 45
github.com/bokwoon95/pagemanager/sq/cte.go:154.27,155.12 1 55
github.com/bokwoon95/pagemanager/sq/cte.go:158.3,158.27 1 55
github.com/bokwoon95/pagemanager/sq/cte.go:161.3,161.24 1 50
github.com/bokwoon95/pagemanager/sq/cte.go:164.3,165.25 2 49
github.com/bokwoon95/pagemanager/sq/cte.go:168.3,169.59 2 49
github.com/bokwoon95/pagemanager/sq/cte.go:176.3,177.36 2 49
github.com/bokwoon95/pagemanager/sq/cte.go:192.3,192.23 1 43
github.com/bokwoon95/pagemanager/sq/cte.go:155.12,157.4 1 6
github.com/bokwoon95/pagemanager/sq/cte.go:158.27,160.4 1 5
github.com/bokwoon95/pagemanager/sq/cte.go:161.24,163.4 1 1
github.com/bokwoon95/pagemanager/sq/cte.go:165.25,167.4 1 34
github.com/bokwoon95/pagemanager/sq/cte.go:169.59,170.29 1 0
github.com/bokwoon95/pagemanager/sq/cte.go:170.29,172.5 1 0
github.com/bokwoon95/pagemanager/sq/cte.go:172.10,174.5 1 0
github.com/bokwoon95/pagemanager/sq/cte.go:178.12,179.50 1 1
github.com/bokwoon95/pagemanager/sq/cte.go:180.22,183.18 3 5
github.com/bokwoon95/pagemanager/sq/cte.go:186.11,188.18 2 43
github.com/bokwoon95/pagemanager/sq/cte.go:183.18,185.5 1 1
github.com/bokwoon95/pagemanager/sq/cte.go:188.18,190.5 1 4
github.com/bokwoon95/pagemanager/sq/cte.go:207.37,207.65 1 4
github.com/bokwoon95/pagemanager/sq/cte.go:209.36,209.63 1 0
github.com/bokwoon95/pagemanager/sq/cte.go:211.185,212.50 1 49
github.com/bokwoon95/pagemanager/sq/cte.go:223.2,223.90 1 47
github.com/bokwoon95/pagemanager/sq/cte.go:212.50,214.30 2 2
github.com/bokwoon95/pagemanager/sq/cte.go:217.3,217.25 1 2
github.com/bokwoon95/pagemanager/sq/cte.go:214.30,216.4 1 1
github.com/bokwoon95/pagemanager/sq/cte.go:217.25,219.4 1 1
github.com/bokwoon95/pagemanager/sq/cte.go:219.9,221.4 1 1
github.com/bokwoon95/pagemanager/sq/cte.go:226.45,229.2 2 1
github.com/bokwoon95/pagemanager/sq/cte.go:231.34,235.2 3 1
github.com/bokwoon95/pagemanager/sq/cte.go:237.35,241.2 3 4
github.com/bokwoon95/pagemanager/sq/cte.go:243.40,247.2 3 1
github.com/bokwoon95/pagemanager/sq/cte.go:249.41,253.2 3 1
github.com/bokwoon95/pagemanager/sq/cte.go:255.38,255.58 1 1
github.com/bokwoon95/pagemanager/sq/cte.go:257.41,257.64 1 1
github.com/bokwoon95/pagemanager/sq/cte.go:259.47,259.66 1 4
github.com/bokwoon95/pagemanager/sq/cte.go:261.47,261.66 1 9
github.com/bokwoon95/pagemanager/sq/cte.go:263.47,263.66 1 1
github.com/bokwoon95/pagemanager/sq/cte.go:265.47,265.66 1 4
github.com/bokwoon95/pagemanager/sq/cte.go:267.47,267.66 1 1
github.com/bokwoon95/pagemanager/sq/cte.go:269.47,269.66 1 1
github.com/bokwoon95/pagemanager/sq/cte.go:271.47,271.66 1 1
github.com/bokwoon95/pagemanager/sq/delete_query_mysql.go:9.152,11.2 1 7
github.com/bokwoon95/pagemanager/sq/delete_query_mysql.go:13.77,15.2 1 0
github.com/bokwoon95/pagemanager/sq/delete_query_mysql.go:17.65,19.2 1 0
github.com/bokwoon95/pagemanager/sq/delete_query_mysql.go:21.47,21.67 1 7
github.com/bokwoon95/pagemanager/sq/delete_query_mysql.go:23.69,29.2 1 1
github.com/bokwoon95/pagemanager/sq/delete_query_mysql.go:31.79,37.2 1 6
github.com/bokwoon95/pagemanager/sq/delete_query_mysql.go:39.62,42.2 2 1
github.com/bokwoon95/pagemanager/sq/delete_query_mysql.go:44.78,47.2 2 1
github.com/bokwoon95/pagemanager/sq/delete_query_mysql.go:49.63,52.2 2 4
github.com/bokwoon95/pagemanager/sq/delete_query_mysql.go:54.87,57.2 2 7
github.com/bokwoon95/pagemanager/sq/delete_query_mysql.go:59.91,62.2 2 1
github.com/bokwoon95/pagemanager/sq/delete_query_mysql.go:64.92,67.2 2 1
github.com/bokwoon95/pagemanager/sq/delete_query_mysql.go:69.91,72.2 2 1
github.com/bokwoon95/pagemanager/sq/delete_query_mysql.go:74.67,77.2 2 1
github.com/bokwoon95/pagemanager/sq/delete_query_mysql.go:79.112,82.2 2 1
github.com/bokwoon95/pagemanager/sq/delete_query_mysql.go:84.75,87.2 2 5
github.com/bokwoon95/pagemanager/sq/delete_query_mysql.go:89.69,92.2 2 2
github.com/bokwoon95/pagemanager/sq/delete_query_mysql.go:94.63,98.2 3 2
github.com/bokwoon95/pagemanager/sq/json_field.go:9.68,16.2 1 7
github.com/bokwoon95/pagemanager/sq/json_field.go:20.186,22.2 1 4
github.com/bokwoon95/pagemanager/sq/json_field.go:24.38,24.66 1 0
github.com/bokwoon95/pagemanager/sq/json_field.go:26.37,26.64 1 0
github.com/bokwoon95/pagemanager/sq/json_field.go:28.47,31.2 2 1
github.com/bokwoon95/pagemanager/sq/json_field.go:33.36,37.2 3 1
github.com/bokwoon95/pagemanager/sq/json_field.go:39.37,43.2 3 1
github.com/bokwoon95/pagemanager/sq/json_field.go:45.42,49.2 3 1
github.com/bokwoon95/pagemanager/sq/json_field.go:51.43,55.2 3 1
github.com/bokwoon95/pagemanager/sq/logger.go:39.13,40.31 1 1
github.com/bokwoon95/pagemanager/sq/logger.go:40.31,50.3 9 0
github.com/bokwoon95/pagemanager/sq/logger.go:106.69,112.2 1 2
github.com/bokwoon95/pagemanager/sq/logger.go:119.26,121.2 1 91
github.com/bokwoon95/pagemanager/sq/logger.go:123.33,125.2 1 4
github.com/bokwoon95/pagemanager/sq/logger.go:127.55,134.2 1 95
github.com/bokwoon95/pagemanager/sq/logger.go:136.70,137.9 1 95
github.com/bokwoon95/pagemanager/sq/logger.go:142.2,143.27 2 95
github.com/bokwoon95/pagemanager/sq/logger.go:150.2,151.15 2 95
github.com/bokwoon95/pagemanager/sq/logger.go:155.2,155.24 1 95
github.com/bokwoon95/pagemanager/sq/logger.go:160.2,160.40 1 95
github.com/bokwoon95/pagemanager/sq/logger.go:172.2,172.25 1 95
github.com/bokwoon95/pagemanager/sq/logger.go:175.2,175.24 1 95
github.com/bokwoon95/pagemanager/sq/logger.go:178.2,178.26 1 95
github.com/bokwoon95/pagemanager/sq/logger.go:181.2,181.30 1 95
github.com/bokwoon95/pagemanager/sq/logger.go:184.2,184.30 1 95
github.com/bokwoon95/pagemanager/sq/logger.go:187.2,187.28 1 95
github.com/bokwoon95/pagemanager/sq/logger.go:190.2,190.40 1 95
github.com/bokwoon95/pagemanager/sq/logger.go:200.2,200.30 1 95
github.com/bokwoon95/pagemanager/sq/logger.go:204.2,204.19 1 95
github.com/bokwoon95/pagemanager/sq/logger.go:138.20,139.9 1 0
github.com/bokwoon95/pagemanager/sq/logger.go:140.10,140.10 0 95
github.com/bokwoon95/pagemanager/sq/logger.go:143.27,149.3 5 95
github.com/bokwoon95/pagemanager/sq/logger.go:151.15,154.3 2 95
github.com/bokwoon95/pagemanager/sq/logger.go:155.24,157.3 1 95
github.com/bokwoon95/pagemanager/sq/logger.go:157.8,159.3 1 0
github.com/bokwoon95/pagemanager/sq/logger.go:160.40,161.34 1 91
github.com/bokwoon95/pagemanager/sq/logger.go:170.3,170.24 1 91
github.com/bokwoon95/pagemanager/sq/logger.go:161.34,163.18 2 91
github.com/bokwoon95/pagemanager/sq/logger.go:166.4,166.32 1 91
github.com/bokwoon95/pagemanager/sq/logger.go:163.18,165.5 1 0
github.com/bokwoon95/pagemanager/sq/logger.go:167.9,169.4 1 0
github.com/bokwoon95/pagemanager/sq/logger.go:172.25,174.3 1 95
github.com/bokwoon95/pagemanager/sq/logger.go:175.24,177.3 1 18
github.com/bokwoon95/pagemanager/sq/logger.go:178.26,180.3 1 54
github.com/bokwoon95/pagemanager/sq/logger.go:181.30,183.3 1 23
github.com/bokwoon95/pagemanager/sq/logger.go:184.30,186.3 1 20
github.com/bokwoon95/pagemanager/sq/logger.go:187.28,189.3 1 95
github.com/bokwoon95/pagemanager/sq/logger.go:190.40,195.17 5 4
github.com/bokwoon95/pagemanager/sq/logger.go:198.3,198.32 1 4
github.com/bokwoon95/pagemanager/sq/logger.go:195.17,197.4 1 0
github.com/bokwoon95/pagemanager/sq/logger.go:200.30,203.3 2 3
github.com/bokwoon95/pagemanager/sq/logger.go:204.19,206.3 1 95
github.com/bokwoon95/pagemanager/sq/custom_field.go:14.72,21.2 1 40
github.com/bokwoon95/pagemanager/sq/custom_field.go:23.40,23.68 1 28
github.com/bokwoon95/pagemanager/sq/custom_field.go:25.39,25.66 1 1
github.com/bokwoon95/pagemanager/sq/custom_field.go:27.188,29.2 1 74
github.com/bokwoon95/pagemanager/sq/custom_field.go:31.63,36.2 1 46
github.com/bokwoon95/pagemanager/sq/custom_field.go:38.82,43.39 2 0
github.com/bokwoon95/pagemanager/sq/custom_field.go:46.2,46.20 1 0
github.com/bokwoon95/pagemanager/sq/custom_field.go:43.39,45.3 1 0
github.com/bokwoon95/pagemanager/sq/custom_field.go:49.51,52.2 2 7
github.com/bokwoon95/pagemanager/sq/custom_field.go:54.40,58.2 3 1
github.com/bokwoon95/pagemanager/sq/custom_field.go:60.41,64.2 3 4
github.com/bokwoon95/pagemanager/sq/custom_field.go:66.46,70.2 3 1
github.com/bokwoon95/pagemanager/sq/custom_field.go:72.47,76.2 3 1
github.com/bokwoon95/pagemanager/sq/custom_field.go:78.41,78.61 1 1
github.com/bokwoon95/pagemanager/sq/custom_field.go:80.44,80.67 1 1
github.com/bokwoon95/pagemanager/sq/custom_field.go:82.50,82.69 1 2
github.com/bokwoon95/pagemanager/sq/custom_field.go:84.50,84.69 1 4
github.com/bokwoon95/pagemanager/sq/custom_field.go:86.50,86.69 1 1
github.com/bokwoon95/pagemanager/sq/custom_field.go:88.50,88.69 1 1
github.com/bokwoon95/pagemanager/sq/custom_field.go:90.50,90.69 1 1
github.com/bokwoon95/pagemanager/sq/custom_field.go:92.50,92.69 1 1
github.com/bokwoon95/pagemanager/sq/custom_field.go:94.50,94.69 1 1
github.com/bokwoon95/pagemanager/sq/custom_field.go:103.189,106.2 2 141
github.com/bokwoon95/pagemanager/sq/custom_field.go:108.41,108.59 1 65
github.com/bokwoon95/pagemanager/sq/custom_field.go:110.40,110.60 1 8
github.com/bokwoon95/pagemanager/sq/custom_field.go:112.43,114.2 1 150
github.com/bokwoon95/pagemanager/sq/custom_field.go:116.53,119.2 2 0
github.com/bokwoon95/pagemanager/sq/custom_field.go:128.39,129.19 1 31
github.com/bokwoon95/pagemanager/sq/custom_field.go:132.2,132.59 1 7
github.com/bokwoon95/pagemanager/sq/custom_field.go:135.2,135.11 1 1
github.com/bokwoon95/pagemanager/sq/custom_field.go:129.19,131.3 1 24
github.com/bokwoon95/pagemanager/sq/custom_field.go:132.59,134.3 1 6
github.com/bokwoon95/pagemanager/sq/custom_field.go:138.38,138.51 1 1
github.com/bokwoon95/pagemanager/sq/custom_field.go:140.187,142.2 1 15
github.com/bokwoon95/pagemanager/sq/custom_field.go:144.42,146.2 1 30
github.com/bokwoon95/pagemanager/sq/custom_field.go:148.49,151.2 2 21
github.com/bokwoon95/pagemanager/sq/custom_field.go:157.184,159.27 2 122
github.com/bokwoon95/pagemanager/sq/custom_field.go:175.2,175.12 1 115
github.com/bokwoon95/pagemanager/sq/custom_field.go:159.27,160.12 1 248
github.com/bokwoon95/pagemanager/sq/custom_field.go:163.3,163.19 1 248
github.com/bokwoon95/pagemanager/sq/custom_field.go:160.12,162.4 1 127
github.com/bokwoon95/pagemanager/sq/custom_field.go:163.19,165.18 2 1
github.com/bokwoon95/pagemanager/sq/custom_field.go:165.18,167.5 1 0
github.com/bokwoon95/pagemanager/sq/custom_field.go:168.9,170.18 2 247
github.com/bokwoon95/pagemanager/sq/custom_field.go:170.18,172.5 1 7
github.com/bokwoon95/pagemanager/sq/custom_field.go:180.189,183.23 3 170
github.com/bokwoon95/pagemanager/sq/custom_field.go:202.2,202.12 1 166
github.com/bokwoon95/pagemanager/sq/custom_field.go:183.23,184.12 1 328
github.com/bokwoon95/pagemanager/sq/custom_field.go:187.3,187.15 1 328
github.com/bokwoon95/pagemanager/sq/custom_field.go:184.12,186.4 1 158
github.com/bokwoon95/pagemanager/sq/custom_field.go:187.15,189.18 2 1
github.com/bokwoon95/pagemanager/sq/custom_field.go:189.18,191.5 1 0
github.com/bokwoon95/pagemanager/sq/custom_field.go:192.9,194.18 2 327
github.com/bokwoon95/pagemanager/sq/custom_field.go:197.4,197.41 1 323
github.com/bokwoon95/pagemanager/sq/custom_field.go:194.18,196.5 1 4
github.com/bokwoon95/pagemanager/sq/custom_field.go:197.41,199.5 1 37
github.com/bokwoon95/pagemanager/sq/delete_query.go:33.147,34.32 1 33
github.com/bokwoon95/pagemanager/sq/delete_query.go:37.2,39.21 2 33
github.com/bokwoon95/pagemanager/sq/delete_query.go:46.2,47.28 2 32
github.com/bokwoon95/pagemanager/sq/delete_query.go:50.2,50.52 1 31
github.com/bokwoon95/pagemanager/sq/delete_query.go:75.2,75.25 1 29
github.com/bokwoon95/pagemanager/sq/delete_query.go:89.2,89.27 1 27
github.com/bokwoon95/pagemanager/sq/delete_query.go:103.2,104.37 2 24
github.com/bokwoon95/pagemanager/sq/delete_query.go:115.2,115.40 1 24
github.com/bokwoon95/pagemanager/sq/delete_query.go:119.2,119.42 1 24
github.com/bokwoon95/pagemanager/sq/delete_query.go:128.2,128.30 1 23
github.com/bokwoon95/pagemanager/sq/delete_query.go:142.2,142.22 1 20
github.com/bokwoon95/pagemanager/sq/delete_query.go:155.2,155.23 1 18
github.com/bokwoon95/pagemanager/sq/delete_query.go:165.2,165.32 1 18
github.com/bokwoon95/pagemanager/sq/delete_query.go:175.2,175.12 1 16
github.com/bokwoon95/pagemanager/sq/delete_query.go:34.32,36.3 1 0
github.com/bokwoon95/pagemanager/sq/delete_query.go:39.21,41.17 2 7
github.com/bokwoon95/pagemanager/sq/delete_query.go:41.17,43.4 1 1
github.com/bokwoon95/pagemanager/sq/delete_query.go:47.28,49.3 1 1
github.com/bokwoon95/pagemanager/sq/delete_query.go:50.52,51.38 1 6
github.com/bokwoon95/pagemanager/sq/delete_query.go:51.38,52.13 1 8
github.com/bokwoon95/pagemanager/sq/delete_query.go:55.4,56.25 2 8
github.com/bokwoon95/pagemanager/sq/delete_query.go:59.4,59.32 1 8
github.com/bokwoon95/pagemanager/sq/delete_query.go:52.13,54.5 1 2
github.com/bokwoon95/pagemanager/sq/delete_query.go:56.25,58.5 1 4
github.com/bokwoon95/pagemanager/sq/delete_query.go:61.8,63.23 2 25
github.com/bokwoon95/pagemanager/sq/delete_query.go:66.3,67.17 2 24
github.com/bokwoon95/pagemanager/sq/delete_query.go:70.3,70.49 1 23
github.com/bokwoon95/pagemanager/sq/delete_query.go:63.23,65.4 1 1
github.com/bokwoon95/pagemanager/sq/delete_query.go:67.17,69.4 1 1
github.com/bokwoon95/pagemanager/sq/delete_query.go:70.49,72.4 1 6
github.com/bokwoon95/pagemanager/sq/delete_query.go:75.25,76.31 1 12
github.com/bokwoon95/pagemanager/sq/delete_query.go:79.3,81.17 3 11
github.com/bokwoon95/pagemanager/sq/delete_query.go:84.3,84.52 1 10
github.com/bokwoon95/pagemanager/sq/delete_query.go:76.31,78.4 1 1
github.com/bokwoon95/pagemanager/sq/delete_query.go:81.17,83.4 1 1
github.com/bokwoon95/pagemanager/sq/delete_query.go:84.52,86.4 1 3
github.com/bokwoon95/pagemanager/sq/delete_query.go:89.27,90.31 1 12
github.com/bokwoon95/pagemanager/sq/delete_query.go:93.3,93.26 1 11
github.com/bokwoon95/pagemanager/sq/delete_query.go:96.3,98.17 3 10
github.com/bokwoon95/pagemanager/sq/delete_query.go:90.31,92.4 1 1
github.com/bokwoon95/pagemanager/sq/delete_query.go:93.26,95.4 1 1
github.com/bokwoon95/pagemanager/sq/delete_query.go:98.17,100.4 1 1
github.com/bokwoon95/pagemanager/sq/delete_query.go:104.37,105.57 1 26
github.com/bokwoon95/pagemanager/sq/delete_query.go:105.57,107.18 2 0
github.com/bokwoon95/pagemanager/sq/delete_query.go:110.4,110.24 1 0
github.com/bokwoon95/pagemanager/sq/delete_query.go:107.18,109.5 1 0
github.com/bokwoon95/pagemanager/sq/delete_query.go:110.24,112.5 1 0
github.com/bokwoon95/pagemanager/sq/delete_query.go:115.40,118.3 2 0
github.com/bokwoon95/pagemanager/sq/delete_query.go:119.42,123.17 4 12
github.com/bokwoon95/pagemanager/sq/delete_query.go:123.17,125.4 1 1
github.com/bokwoon95/pagemanager/sq/delete_query.go:128.30,129.58 1 6
github.com/bokwoon95/pagemanager/sq/delete_query.go:132.3,132.51 1 5
github.com/bokwoon95/pagemanager/sq/delete_query.go:135.3,137.17 3 4
github.com/bokwoon95/pagemanager/sq/delete_query.go:129.58,131.4 1 1
github.com/bokwoon95/pagemanager/sq/delete_query.go:132.51,134.4 1 1
github.com/bokwoon95/pagemanager/sq/delete_query.go:137.17,139.4 1 1
github.com/bokwoon95/pagemanager/sq/delete_query.go:142.22,143.58 1 5
github.com/bokwoon95/pagemanager/sq/delete_query.go:146.3,146.51 1 4
github.com/bokwoon95/pagemanager/sq/delete_query.go:149.3,150.17 2 3
github.com/bokwoon95/pagemanager/sq/delete_query.go:143.58,145.4 1 1
github.com/bokwoon95/pagemanager/sq/delete_query.go:146.51,148.4 1 1
github.com/bokwoon95/pagemanager/sq/delete_query.go:150.17,152.4 1 0
github.com/bokwoon95/pagemanager/sq/delete_query.go:155.23,156.31 1 1
github.com/bokwoon95/pagemanager/sq/delete_query.go:159.3,160.17 2 1
github.com/bokwoon95/pagemanager/sq/delete_query.go:156.31,158.4 1 0
github.com/bokwoon95/pagemanager/sq/delete_query.go:160.17,162.4 1 0
github.com/bokwoon95/pagemanager/sq/delete_query.go:165.32,166.61 1 6
github.com/bokwoon95/pagemanager/sq/delete_query.go:169.3,171.17 3 5
github.com/bokwoon95/pagemanager/sq/delete_query.go:166.61,168.4 1 1
github.com/bokwoon95/pagemanager/sq/delete_query.go:171.17,173.4 1 1
github.com/bokwoon95/pagemanager/sq/delete_query.go:178.72,179.19 1 4
github.com/bokwoon95/pagemanager/sq/delete_query.go:180.38,182.16 2 3
github.com/bokwoon95/pagemanager/sq/delete_query.go:183.10,184.74 1 1
github.com/bokwoon95/pagemanager/sq/delete_query.go:188.60,189.19 1 2
github.com/bokwoon95/pagemanager/sq/delete_query.go:190.38,191.32 1 1
github.com/bokwoon95/pagemanager/sq/delete_query.go:192.10,193.74 1 1
github.com/bokwoon95/pagemanager/sq/delete_query.go:197.42,197.62 1 17
github.com/bokwoon95/pagemanager/sq/field_info.go:35.38,35.61 1 0
github.com/bokwoon95/pagemanager/sq/field_info.go:37.37,37.59 1 0
github.com/bokwoon95/pagemanager/sq/field_info.go:39.186,40.18 1 1224
github.com/bokwoon95/pagemanager/sq/field_info.go:43.2,43.24 1 1224
github.com/bokwoon95/pagemanager/sq/field_info.go:82.2,82.23 1 1224
github.com/bokwoon95/pagemanager/sq/field_info.go:90.2,90.24 1 1224
github.com/bokwoon95/pagemanager/sq/field_info.go:97.2,97.24 1 1224
github.com/bokwoon95/pagemanager/sq/field_info.go:104.2,104.12 1 1224
github.com/bokwoon95/pagemanager/sq/field_info.go:40.18,42.3 1 0
github.com/bokwoon95/pagemanager/sq/field_info.go:43.24,45.35 2 84
github.com/bokwoon95/pagemanager/sq/field_info.go:55.3,55.27 1 84
github.com/bokwoon95/pagemanager/sq/field_info.go:58.3,59.27 2 84
github.com/bokwoon95/pagemanager/sq/field_info.go:62.3,63.17 2 84
github.com/bokwoon95/pagemanager/sq/field_info.go:45.35,46.20 1 84
github.com/bokwoon95/pagemanager/sq/field_info.go:47.19,49.36 2 84
github.com/bokwoon95/pagemanager/sq/field_info.go:50.17,52.36 2 0
github.com/bokwoon95/pagemanager/sq/field_info.go:55.27,57.4 1 0
github.com/bokwoon95/pagemanager/sq/field_info.go:59.27,61.4 1 84
github.com/bokwoon95/pagemanager/sq/field_info.go:63.17,65.4 1 0
github.com/bokwoon95/pagemanager/sq/field_info.go:66.8,68.27 2 1140
github.com/bokwoon95/pagemanager/sq/field_info.go:71.3,71.27 1 1140
github.com/bokwoon95/pagemanager/sq/field_info.go:77.3,77.27 1 1140
github.com/bokwoon95/pagemanager/sq/field_info.go:80.3,80.57 1 1140
github.com/bokwoon95/pagemanager/sq/field_info.go:68.27,70.4 1 960
github.com/bokwoon95/pagemanager/sq/field_info.go:71.27,73.88 2 1119
github.com/bokwoon95/pagemanager/sq/field_info.go:73.88,75.5 1 193
github.com/bokwoon95/pagemanager/sq/field_info.go:77.27,79.4 1 926
github.com/bokwoon95/pagemanager/sq/field_info.go:82.23,84.33 2 0
github.com/bokwoon95/pagemanager/sq/field_info.go:84.33,86.4 1 0
github.com/bokwoon95/pagemanager/sq/field_info.go:86.9,88.4 1 0
github.com/bokwoon95/pagemanager/sq/field_info.go:90.24,91.24 1 33
github.com/bokwoon95/pagemanager/sq/field_info.go:91.24,93.4 1 18
github.com/bokwoon95/pagemanager/sq/field_info.go:93.9,95.4 1 15
github.com/bokwoon95/pagemanager/sq/field_info.go:97.24,98.24 1 18
github.com/bokwoon95/pagemanager/sq/field_info.go:98.24,100.4 1 9
github.com/bokwoon95/pagemanager/sq/field_info.go:100.9,102.4 1 9
github.com/bokwoon95/pagemanager/sq/param.go:19.55,21.2 1 43
github.com/bokwoon95/pagemanager/sq/param.go:23.43,24.63 1 0
github.com/bokwoon95/pagemanager/sq/param.go:27.2,27.11 1 0
github.com/bokwoon95/pagemanager/sq/param.go:24.63,26.3 1 0
github.com/bokwoon95/pagemanager/sq/param.go:30.42,31.62 1 2
github.com/bokwoon95/pagemanager/sq/param.go:34.2,34.11 1 0
github.com/bokwoon95/pagemanager/sq/param.go:31.62,33.3 1 2
github.com/bokwoon95/pagemanager/sq/param.go:37.191,38.22 1 50
github.com/bokwoon95/pagemanager/sq/param.go:42.2,42.63 1 50
github.com/bokwoon95/pagemanager/sq/param.go:45.2,45.56 1 35
github.com/bokwoon95/pagemanager/sq/param.go:48.2,48.36 1 34
github.com/bokwoon95/pagemanager/sq/param.go:51.2,52.17 2 26
github.com/bokwoon95/pagemanager/sq/param.go:76.2,76.12 1 26
github.com/bokwoon95/pagemanager/sq/param.go:38.22,40.3 1 0
github.com/bokwoon95/pagemanager/sq/param.go:42.63,44.3 1 15
github.com/bokwoon95/pagemanager/sq/param.go:45.56,47.3 1 1
github.com/bokwoon95/pagemanager/sq/param.go:48.36,50.3 1 8
github.com/bokwoon95/pagemanager/sq/param.go:53.38,54.23 1 11
github.com/bokwoon95/pagemanager/sq/param.go:62.24,63.23 1 5
github.com/bokwoon95/pagemanager/sq/param.go:71.10,74.37 3 10
github.com/bokwoon95/pagemanager/sq/param.go:54.23,57.4 2 3
github.com/bokwoon95/pagemanager/sq/param.go:57.9,61.4 3 8
github.com/bokwoon95/pagemanager/sq/param.go:63.23,66.4 2 1
github.com/bokwoon95/pagemanager/sq/param.go:66.9,70.4 3 4
github.com/bokwoon95/pagemanager/sq/rowvalue.go:10.185,13.26 3 134
github.com/bokwoon95/pagemanager/sq/rowvalue.go:22.2,23.12 2 133
github.com/bokwoon95/pagemanager/sq/rowvalue.go:13.26,14.12 1 370
github.com/bokwoon95/pagemanager/sq/rowvalue.go:17.3,18.17 2 370
github.com/bokwoon95/pagemanager/sq/rowvalue.go:14.12,16.4 1 236
github.com/bokwoon95/pagemanager/sq/rowvalue.go:18.17,20.4 1 1
github.com/bokwoon95/pagemanager/sq/rowvalue.go:26.36,26.49 1 0
github.com/bokwoon95/pagemanager/sq/rowvalue.go:28.37,28.50 1 0
github.com/bokwoon95/pagemanager/sq/rowvalue.go:30.144,32.2 1 99
github.com/bokwoon95/pagemanager/sq/rowvalue.go:34.47,34.66 1 1
github.com/bokwoon95/pagemanager/sq/rowvalue.go:36.47,36.66 1 15
github.com/bokwoon95/pagemanager/sq/rowvalue.go:40.146,42.23 2 42
github.com/bokwoon95/pagemanager/sq/rowvalue.go:51.2,51.12 1 41
github.com/bokwoon95/pagemanager/sq/rowvalue.go:42.23,43.12 1 98
github.com/bokwoon95/pagemanager/sq/rowvalue.go:46.3,47.17 2 98
github.com/bokwoon95/pagemanager/sq/rowvalue.go:43.12,45.4 1 56
github.com/bokwoon95/pagemanager/sq/rowvalue.go:47.17,49.4 1 1
github.com/bokwoon95/pagemanager/sq/select_query_mysql.go:9.152,11.2 1 14
github.com/bokwoon95/pagemanager/sq/select_query_mysql.go:13.77,15.2 1 22
github.com/bokwoon95/pagemanager/sq/select_query_mysql.go:17.65,19.2 1 28
github.com/bokwoon95/pagemanager/sq/select_query_mysql.go:21.47,21.67 1 26
github.com/bokwoon95/pagemanager/sq/select_query_mysql.go:23.63,29.2 1 20
github.com/bokwoon95/pagemanager/sq/select_query_mysql.go:31.69,37.2 1 3
github.com/bokwoon95/pagemanager/sq/select_query_mysql.go:39.69,45.2 1 25
github.com/bokwoon95/pagemanager/sq/select_query_mysql.go:47.57,53.2 1 3
github.com/bokwoon95/pagemanager/sq/select_query_mysql.go:55.77,62.2 1 2
github.com/bokwoon95/pagemanager/sq/select_query_mysql.go:64.62,67.2 2 2
github.com/bokwoon95/pagemanager/sq/select_query_mysql.go:69.68,72.2 2 2
github.com/bokwoon95/pagemanager/sq/select_query_mysql.go:74.76,78.2 3 1
github.com/bokwoon95/pagemanager/sq/select_query_mysql.go:80.62,83.2 2 16
github.com/bokwoon95/pagemanager/sq/select_query_mysql.go:85.87,88.2 2 20
github.com/bokwoon95/pagemanager/sq/select_query_mysql.go:90.91,93.2 2 4
github.com/bokwoon95/pagemanager/sq/select_query_mysql.go:95.92,98.2 2 1
github.com/bokwoon95/pagemanager/sq/select_query_mysql.go:100.91,103.2 2 1
github.com/bokwoon95/pagemanager/sq/select_query_mysql.go:105.67,108.2 2 1
github.com/bokwoon95/pagemanager/sq/select_query_mysql.go:110.112,113.2 2 1
github.com/bokwoon95/pagemanager/sq/select_query_mysql.go:115.75,118.2 2 25
github.com/bokwoon95/pagemanager/sq/select_query_mysql.go:120.69,123.2 2 5
github.com/bokwoon95/pagemanager/sq/select_query_mysql.go:125.76,128.2 2 2
github.com/bokwoon95/pagemanager/sq/select_query_mysql.go:130.69,133.2 2 11
github.com/bokwoon95/pagemanager/sq/select_query_mysql.go:135.63,139.2 3 8
github.com/bokwoon95/pagemanager/sq/select_query_mysql.go:141.65,145.2 3 1
github.com/bokwoon95/pagemanager/sq/string_field.go:11.188,13.2 1 402
github.com/bokwoon95/pagemanager/sq/string_field.go:15.40,15.68 1 80
github.com/bokwoon95/pagemanager/sq/string_field.go:17.39,17.66 1 153
github.com/bokwoon95/pagemanager/sq/string_field.go:19.72,26.2 1 654
github.com/bokwoon95/pagemanager/sq/string_field.go:28.69,33.2 1 41
github.com/bokwoon95/pagemanager/sq/string_field.go:35.51,38.2 2 40
github.com/bokwoon95/pagemanager/sq/string_field.go:40.60,43.2 2 0
github.com/bokwoon95/pagemanager/sq/string_field.go:45.40,49.2 3 4
github.com/bokwoon95/pagemanager/sq/string_field.go:51.41,55.2 3 1
github.com/bokwoon95/pagemanager/sq/string_field.go:57.46,61.2 3 1
github.com/bokwoon95/pagemanager/sq/string_field.go:63.47,67.2 3 1
github.com/bokwoon95/pagemanager/sq/string_field.go:69.41,69.61 1 1
github.com/bokwoon95/pagemanager/sq/string_field.go:71.44,71.67 1 7
github.com/bokwoon95/pagemanager/sq/string_field.go:73.50,73.69 1 5
github.com/bokwoon95/pagemanager/sq/string_field.go:75.54,75.77 1 1
github.com/bokwoon95/pagemanager/sq/string_field.go:77.54,77.77 1 1
github.com/bokwoon95/pagemanager/sq/string_field.go:79.53,79.74 1 99
github.com/bokwoon95/pagemanager/sq/string_field.go:81.53,81.74 1 6
github.com/bokwoon95/pagemanager/sq/string_field.go:83.55,83.98 1 3
github.com/bokwoon95/pagemanager/sq/string_field.go:85.56,85.100 1 0
github.com/bokwoon95/pagemanager/sq/string_field.go:87.54,87.79 1 9
github.com/bokwoon95/pagemanager/sq/string_field.go:89.55,89.80 1 4
github.com/bokwoon95/pagemanager/sq/delete_query_postgres.go:9.155,11.2 1 3
github.com/bokwoon95/pagemanager/sq/delete_query_postgres.go:13.80,15.2 1 1
github.com/bokwoon95/pagemanager/sq/delete_query_postgres.go:17.68,19.2 1 0
github.com/bokwoon95/pagemanager/sq/delete_query_postgres.go:21.50,21.70 1 4
github.com/bokwoon95/pagemanager/sq/delete_query_postgres.go:23.75,29.2 1 1
github.com/bokwoon95/pagemanager/sq/delete_query_postgres.go:31.81,37.2 1 3
github.com/bokwoon95/pagemanager/sq/delete_query_postgres.go:39.68,42.2 2 1
github.com/bokwoon95/pagemanager/sq/delete_query_postgres.go:44.80,45.28 1 2
github.com/bokwoon95/pagemanager/sq/delete_query_postgres.go:51.2,51.10 1 2
github.com/bokwoon95/pagemanager/sq/delete_query_postgres.go:45.28,47.3 1 1
github.com/bokwoon95/pagemanager/sq/delete_query_postgres.go:47.8,50.3 2 1
github.com/bokwoon95/pagemanager/sq/delete_query_postgres.go:54.69,57.2 2 3
github.com/bokwoon95/pagemanager/sq/delete_query_postgres.go:59.93,62.2 2 3
github.com/bokwoon95/pagemanager/sq/delete_query_postgres.go:64.97,67.2 2 1
github.com/bokwoon95/pagemanager/sq/delete_query_postgres.go:69.98,72.2 2 1
github.com/bokwoon95/pagemanager/sq/delete_query_postgres.go:74.97,77.2 2 1
github.com/bokwoon95/pagemanager/sq/delete_query_postgres.go:79.73,82.2 2 1
github.com/bokwoon95/pagemanager/sq/delete_query_postgres.go:84.118,87.2 2 1
github.com/bokwoon95/pagemanager/sq/delete_query_postgres.go:89.81,92.2 2 3
github.com/bokwoon95/pagemanager/sq/delete_query_postgres.go:94.77,97.2 2 1
github.com/bokwoon95/pagemanager/sq/insert_query.go:38.147,39.32 1 54
github.com/bokwoon95/pagemanager/sq/insert_query.go:42.2,43.27 2 54
github.com/bokwoon95/pagemanager/sq/insert_query.go:52.2,52.21 1 53
github.com/bokwoon95/pagemanager/sq/insert_query.go:59.2,59.20 1 52
github.com/bokwoon95/pagemanager/sq/insert_query.go:67.2,67.24 1 51
github.com/bokwoon95/pagemanager/sq/insert_query.go:70.2,71.16 2 50
github.com/bokwoon95/pagemanager/sq/insert_query.go:74.2,74.50 1 49
github.com/bokwoon95/pagemanager/sq/insert_query.go:84.2,84.30 1 48
github.com/bokwoon95/pagemanager/sq/insert_query.go:93.2,93.9 1 47
github.com/bokwoon95/pagemanager/sq/insert_query.go:126.2,126.17 1 43
github.com/bokwoon95/pagemanager/sq/insert_query.go:184.2,184.32 1 37
github.com/bokwoon95/pagemanager/sq/insert_query.go:194.2,194.12 1 35
github.com/bokwoon95/pagemanager/sq/insert_query.go:39.32,41.3 1 0
github.com/bokwoon95/pagemanager/sq/insert_query.go:43.27,46.17 3 27
github.com/bokwoon95/pagemanager/sq/insert_query.go:49.3,49.57 1 26
github.com/bokwoon95/pagemanager/sq/insert_query.go:46.17,48.4 1 1
github.com/bokwoon95/pagemanager/sq/insert_query.go:52.21,54.17 2 11
github.com/bokwoon95/pagemanager/sq/insert_query.go:54.17,56.4 1 1
github.com/bokwoon95/pagemanager/sq/insert_query.go:59.20,60.30 1 3
github.com/bokwoon95/pagemanager/sq/insert_query.go:63.3,63.41 1 2
github.com/bokwoon95/pagemanager/sq/insert_query.go:60.30,62.4 1 1
github.com/bokwoon95/pagemanager/sq/insert_query.go:64.8,66.3 1 49
github.com/bokwoon95/pagemanager/sq/insert_query.go:67.24,69.3 1 1
github.com/bokwoon95/pagemanager/sq/insert_query.go:71.16,73.3 1 1
github.com/bokwoon95/pagemanager/sq/insert_query.go:74.50,75.30 1 11
github.com/bokwoon95/pagemanager/sq/insert_query.go:78.3,79.67 2 10
github.com/bokwoon95/pagemanager/sq/insert_query.go:75.30,77.4 1 1
github.com/bokwoon95/pagemanager/sq/insert_query.go:80.8,83.3 2 38
github.com/bokwoon95/pagemanager/sq/insert_query.go:84.30,87.17 3 45
github.com/bokwoon95/pagemanager/sq/insert_query.go:90.3,90.23 1 44
github.com/bokwoon95/pagemanager/sq/insert_query.go:87.17,89.4 1 1
github.com/bokwoon95/pagemanager/sq/insert_query.go:94.28,97.17 3 39
github.com/bokwoon95/pagemanager/sq/insert_query.go:100.3,100.23 1 38
github.com/bokwoon95/pagemanager/sq/insert_query.go:109.28,115.84 2 7
github.com/bokwoon95/pagemanager/sq/insert_query.go:118.3,119.17 2 7
github.com/bokwoon95/pagemanager/sq/insert_query.go:122.10,123.91 1 1
github.com/bokwoon95/pagemanager/sq/insert_query.go:97.17,99.4 1 1
github.com/bokwoon95/pagemanager/sq/insert_query.go:100.23,101.31 1 5
github.com/bokwoon95/pagemanager/sq/insert_query.go:104.4,105.32 2 4
github.com/bokwoon95/pagemanager/sq/insert_query.go:101.31,103.5 1 1
github.com/bokwoon95/pagemanager/sq/insert_query.go:105.32,107.5 1 2
github.com/bokwoon95/pagemanager/sq/insert_query.go:115.84,117.4 1 0
github.com/bokwoon95/pagemanager/sq/insert_query.go:119.17,121.4 1 1
github.com/bokwoon95/pagemanager/sq/insert_query.go:127.38,128.87 1 29
github.com/bokwoon95/pagemanager/sq/insert_query.go:131.3,132.33 2 17
github.com/bokwoon95/pagemanager/sq/insert_query.go:157.3,157.52 1 14
github.com/bokwoon95/pagemanager/sq/insert_query.go:161.3,163.17 3 7
github.com/bokwoon95/pagemanager/sq/insert_query.go:166.3,166.48 1 6
github.com/bokwoon95/pagemanager/sq/insert_query.go:174.20,175.28 1 14
github.com/bokwoon95/pagemanager/sq/insert_query.go:128.87,129.9 1 12
github.com/bokwoon95/pagemanager/sq/insert_query.go:132.33,133.34 1 2
github.com/bokwoon95/pagemanager/sq/insert_query.go:136.4,136.61 1 1
github.com/bokwoon95/pagemanager/sq/insert_query.go:133.34,135.5 1 1
github.com/bokwoon95/pagemanager/sq/insert_query.go:137.9,137.39 1 15
github.com/bokwoon95/pagemanager/sq/insert_query.go:137.39,140.18 3 10
github.com/bokwoon95/pagemanager/sq/insert_query.go:143.4,144.34 2 9
github.com/bokwoon95/pagemanager/sq/insert_query.go:140.18,142.5 1 1
github.com/bokwoon95/pagemanager/sq/insert_query.go:144.34,146.51 2 4
github.com/bokwoon95/pagemanager/sq/insert_query.go:150.5,152.19 3 4
github.com/bokwoon95/pagemanager/sq/insert_query.go:146.51,149.6 2 4
github.com/bokwoon95/pagemanager/sq/insert_query.go:152.19,154.6 1 1
github.com/bokwoon95/pagemanager/sq/insert_query.go:157.52,159.9 2 7
github.com/bokwoon95/pagemanager/sq/insert_query.go:163.17,165.4 1 1
github.com/bokwoon95/pagemanager/sq/insert_query.go:166.48,170.18 4 3
github.com/bokwoon95/pagemanager/sq/insert_query.go:170.18,172.5 1 1
github.com/bokwoon95/pagemanager/sq/insert_query.go:175.28,178.18 3 7
github.com/bokwoon95/pagemanager/sq/insert_query.go:178.18,180.5 1 1
github.com/bokwoon95/pagemanager/sq/insert_query.go:184.32,185.61 1 12
github.com/bokwoon95/pagemanager/sq/insert_query.go:188.3,190.17 3 11
github.com/bokwoon95/pagemanager/sq/insert_query.go:185.61,187.4 1 1
github.com/bokwoon95/pagemanager/sq/insert_query.go:190.17,192.4 1 1
github.com/bokwoon95/pagemanager/sq/insert_query.go:197.72,198.19 1 10
github.com/bokwoon95/pagemanager/sq/insert_query.go:199.38,201.16 2 9
github.com/bokwoon95/pagemanager/sq/insert_query.go:202.10,203.74 1 1
github.com/bokwoon95/pagemanager/sq/insert_query.go:207.60,208.19 1 2
github.com/bokwoon95/pagemanager/sq/insert_query.go:209.38,210.32 1 1
github.com/bokwoon95/pagemanager/sq/insert_query.go:211.10,212.74 1 1
github.com/bokwoon95/pagemanager/sq/insert_query.go:216.42,216.62 1 19
github.com/bokwoon95/pagemanager/sq/reflect_table.go:11.52,14.31 3 0
github.com/bokwoon95/pagemanager/sq/reflect_table.go:17.2,19.34 3 0
github.com/bokwoon95/pagemanager/sq/reflect_table.go:22.2,22.27 1 0
github.com/bokwoon95/pagemanager/sq/reflect_table.go:25.2,28.9 4 0
github.com/bokwoon95/pagemanager/sq/reflect_table.go:31.2,31.22 1 0
github.com/bokwoon95/pagemanager/sq/reflect_table.go:34.2,34.17 1 0
github.com/bokwoon95/pagemanager/sq/reflect_table.go:37.2,37.62 1 0
github.com/bokwoon95/pagemanager/sq/reflect_table.go:53.2,53.31 1 0
github.com/bokwoon95/pagemanager/sq/reflect_table.go:56.2,58.40 3 0
github.com/bokwoon95/pagemanager/sq/reflect_table.go:99.2,99.12 1 0
github.com/bokwoon95/pagemanager/sq/reflect_table.go:14.31,16.3 1 0
github.com/bokwoon95/pagemanager/sq/reflect_table.go:19.34,21.3 1 0
github.com/bokwoon95/pagemanager/sq/reflect_table.go:22.27,24.3 1 0
github.com/bokwoon95/pagemanager/sq/reflect_table.go:28.9,30.3 1 0
github.com/bokwoon95/pagemanager/sq/reflect_table.go:31.22,33.3 1 0
github.com/bokwoon95/pagemanager/sq/reflect_table.go:34.17,36.3 1 0
github.com/bokwoon95/pagemanager/sq/reflect_table.go:37.62,39.17 2 0
github.com/bokwoon95/pagemanager/sq/reflect_table.go:42.3,42.34 1 0
github.com/bokwoon95/pagemanager/sq/reflect_table.go:47.3,47.32 1 0
github.com/bokwoon95/pagemanager/sq/reflect_table.go:39.17,41.4 1 0
github.com/bokwoon95/pagemanager/sq/reflect_table.go:42.34,43.44 1 0
github.com/bokwoon95/pagemanager/sq/reflect_table.go:43.44,45.5 1 0
github.com/bokwoon95/pagemanager/sq/reflect_table.go:47.32,48.42 1 0
github.com/bokwoon95/pagemanager/sq/reflect_table.go:48.42,50.5 1 0
github.com/bokwoon95/pagemanager/sq/reflect_table.go:53.31,55.3 1 0
github.com/bokwoon95/pagemanager/sq/reflect_table.go:58.40,61.10 3 0
github.com/bokwoon95/pagemanager/sq/reflect_table.go:64.3,64.33 1 0
github.com/bokwoon95/pagemanager/sq/reflect_table.go:67.3,67.18 1 0
github.com/bokwoon95/pagemanager/sq/reflect_table.go:70.3,73.17 4 0
github.com/bokwoon95/pagemanager/sq/reflect_table.go:76.3,76.41 1 0
github.com/bokwoon95/pagemanager/sq/reflect_table.go:79.3,79.22 1 0
github.com/bokwoon95/pagemanager/sq/reflect_table.go:82.3,82.28 1 0
github.com/bokwoon95/pagemanager/sq/reflect_table.go:61.10,62.12 1 0
github.com/bokwoon95/pagemanager/sq/reflect_table.go:64.33,65.12 1 0
github.com/bokwoon95/pagemanager/sq/reflect_table.go:67.18,68.12 1 0
github.com/bokwoon95/pagemanager/sq/reflect_table.go:73.17,75.4 1 0
github.com/bokwoon95/pagemanager/sq/reflect_table.go:76.41,78.4 1 0
github.com/bokwoon95/pagemanager/sq/reflect_table.go:79.22,81.4 1 0
github.com/bokwoon95/pagemanager/sq/reflect_table.go:83.18,84.62 1 0
github.com/bokwoon95/pagemanager/sq/reflect_table.go:85.21,86.65 1 0
github.com/bokwoon95/pagemanager/sq/reflect_table.go:87.20,88.64 1 0
github.com/bokwoon95/pagemanager/sq/reflect_table.go:89.18,90.62 1 0
github.com/bokwoon95/pagemanager/sq/reflect_table.go:91.20,92.64 1 0
github.com/bokwoon95/pagemanager/sq/reflect_table.go:93.20,94.64 1 0
github.com/bokwoon95/pagemanager/sq/reflect_table.go:95.18,96.62 1 0
github.com/bokwoon95/pagemanager/sq/reflect_table.go:102.57,104.13 2 3
github.com/bokwoon95/pagemanager/sq/reflect_table.go:107.2,109.26 3 3
github.com/bokwoon95/pagemanager/sq/reflect_table.go:130.2,130.20 1 3
github.com/bokwoon95/pagemanager/sq/reflect_table.go:133.2,135.19 3 3
github.com/bokwoon95/pagemanager/sq/reflect_table.go:138.2,138.25 1 3
github.com/bokwoon95/pagemanager/sq/reflect_table.go:104.13,106.3 1 0
github.com/bokwoon95/pagemanager/sq/reflect_table.go:109.26,113.12 4 24
github.com/bokwoon95/pagemanager/sq/reflect_table.go:119.3,119.21 1 24
github.com/bokwoon95/pagemanager/sq/reflect_table.go:122.3,122.39 1 24
github.com/bokwoon95/pagemanager/sq/reflect_table.go:125.3,125.44 1 24
github.com/bokwoon95/pagemanager/sq/reflect_table.go:114.12,115.16 1 0
github.com/bokwoon95/pagemanager/sq/reflect_table.go:116.12,117.16 1 0
github.com/bokwoon95/pagemanager/sq/reflect_table.go:119.21,121.4 1 0
github.com/bokwoon95/pagemanager/sq/reflect_table.go:122.39,123.9 1 0
github.com/bokwoon95/pagemanager/sq/reflect_table.go:125.44,127.9 2 0
github.com/bokwoon95/pagemanager/sq/reflect_table.go:130.20,132.3 1 0
github.com/bokwoon95/pagemanager/sq/reflect_table.go:135.19,137.3 1 0
github.com/bokwoon95/pagemanager/sq/reflect_table.go:141.104,143.16 2 0
github.com/bokwoon95/pagemanager/sq/reflect_table.go:146.2,147.16 2 0
github.com/bokwoon95/pagemanager/sq/reflect_table.go:150.2,150.45 1 0
github.com/bokwoon95/pagemanager/sq/reflect_table.go:143.16,145.3 1 0
github.com/bokwoon95/pagemanager/sq/reflect_table.go:147.16,149.3 1 0
github.com/bokwoon95/pagemanager/sq/reflect_table.go:153.94,157.17 4 3
github.com/bokwoon95/pagemanager/sq/reflect_table.go:173.2,173.38 1 3
github.com/bokwoon95/pagemanager/sq/reflect_table.go:157.17,159.17 2 3
github.com/bokwoon95/pagemanager/sq/reflect_table.go:162.3,163.45 2 3
github.com/bokwoon95/pagemanager/sq/reflect_table.go:169.3,171.17 3 3
github.com/bokwoon95/pagemanager/sq/reflect_table.go:159.17,161.4 1 0
github.com/bokwoon95/pagemanager/sq/reflect_table.go:163.45,165.26 2 0
github.com/bokwoon95/pagemanager/sq/reflect_table.go:165.26,167.5 1 0
github.com/bokwoon95/pagemanager/sq/variadic_query.go:27.150,29.23 2 16
github.com/bokwoon95/pagemanager/sq/variadic_query.go:32.2,32.26 1 16
github.com/bokwoon95/pagemanager/sq/variadic_query.go:35.2,35.26 1 15
github.com/bokwoon95/pagemanager/sq/variadic_query.go:53.2,53.18 1 6
github.com/bokwoon95/pagemanager/sq/variadic_query.go:56.2,56.31 1 6
github.com/bokwoon95/pagemanager/sq/variadic_query.go:76.2,76.18 1 6
github.com/bokwoon95/pagemanager/sq/variadic_query.go:79.2,79.12 1 6
github.com/bokwoon95/pagemanager/sq/variadic_query.go:29.23,31.3 1 1
github.com/bokwoon95/pagemanager/sq/variadic_query.go:32.26,34.3 1 1
github.com/bokwoon95/pagemanager/sq/variadic_query.go:35.26,36.36 1 9
github.com/bokwoon95/pagemanager/sq/variadic_query.go:51.3,51.13 1 8
github.com/bokwoon95/pagemanager/sq/variadic_query.go:37.12,38.54 1 0
github.com/bokwoon95/pagemanager/sq/variadic_query.go:39.22,42.18 3 5
github.com/bokwoon95/pagemanager/sq/variadic_query.go:45.11,47.18 2 4
github.com/bokwoon95/pagemanager/sq/variadic_query.go:42.18,44.5 1 0
github.com/bokwoon95/pagemanager/sq/variadic_query.go:47.18,49.5 1 1
github.com/bokwoon95/pagemanager/sq/variadic_query.go:53.18,55.3 1 1
github.com/bokwoon95/pagemanager/sq/variadic_query.go:56.31,57.12 1 12
github.com/bokwoon95/pagemanager/sq/variadic_query.go:60.3,60.24 1 12
github.com/bokwoon95/pagemanager/sq/variadic_query.go:57.12,59.4 1 6
github.com/bokwoon95/pagemanager/sq/variadic_query.go:61.12,62.60 1 0
github.com/bokwoon95/pagemanager/sq/variadic_query.go:63.22,66.18 3 3
github.com/bokwoon95/pagemanager/sq/variadic_query.go:69.11,71.18 2 9
github.com/bokwoon95/pagemanager/sq/variadic_query.go:66.18,68.5 1 0
github.com/bokwoon95/pagemanager/sq/variadic_query.go:71.18,73.5 1 0
github.com/bokwoon95/pagemanager/sq/variadic_query.go:76.18,78.3 1 1
github.com/bokwoon95/pagemanager/sq/variadic_query.go:82.75,84.2 1 0
github.com/bokwoon95/pagemanager/sq/variadic_query.go:86.63,87.26 1 0
github.com/bokwoon95/pagemanager/sq/variadic_query.go:90.2,90.43 1 0
github.com/bokwoon95/pagemanager/sq/variadic_query.go:87.26,89.3 1 0
github.com/bokwoon95/pagemanager/sq/variadic_query.go:93.45,94.26 1 0
github.com/bokwoon95/pagemanager/sq/variadic_query.go:97.2,97.35 1 0
github.com/bokwoon95/pagemanager/sq/variadic_query.go:94.26,96.3 1 0
github.com/bokwoon95/pagemanager/sq/variadic_query.go:100.44,102.2 1 5
github.com/bokwoon95/pagemanager/sq/variadic_query.go:104.47,106.2 1 5
github.com/bokwoon95/pagemanager/sq/variadic_query.go:108.48,110.2 1 2
github.com/bokwoon95/pagemanager/sq/variadic_query.go:112.51,114.2 1 1
github.com/bokwoon95/pagemanager/sq/variadic_query.go:116.45,118.2 1 1
github.com/bokwoon95/pagemanager/sq/variadic_query.go:120.48,122.2 1 1
github.com/bokwoon95/pagemanager/sq/boolean_field.go:14.74,21.2 1 21
github.com/bokwoon95/pagemanager/sq/boolean_field.go:23.41,23.69 1 0
github.com/bokwoon95/pagemanager/sq/boolean_field.go:25.40,25.67 1 4
github.com/bokwoon95/pagemanager/sq/boolean_field.go:27.189,28.16 1 14
github.com/bokwoon95/pagemanager/sq/boolean_field.go:31.2,31.90 1 14
github.com/bokwoon95/pagemanager/sq/boolean_field.go:28.16,30.3 1 1
github.com/bokwoon95/pagemanager/sq/boolean_field.go:34.53,37.2 2 1
github.com/bokwoon95/pagemanager/sq/boolean_field.go:39.39,42.2 2 1
github.com/bokwoon95/pagemanager/sq/boolean_field.go:44.42,48.2 3 1
github.com/bokwoon95/pagemanager/sq/boolean_field.go:50.43,54.2 3 1
github.com/bokwoon95/pagemanager/sq/boolean_field.go:56.48,60.2 3 1
github.com/bokwoon95/pagemanager/sq/boolean_field.go:62.49,66.2 3 1
github.com/bokwoon95/pagemanager/sq/boolean_field.go:68.42,68.62 1 1
github.com/bokwoon95/pagemanager/sq/boolean_field.go:70.45,70.68 1 1
github.com/bokwoon95/pagemanager/sq/boolean_field.go:72.56,72.79 1 1
github.com/bokwoon95/pagemanager/sq/boolean_field.go:74.56,74.79 1 1
github.com/bokwoon95/pagemanager/sq/boolean_field.go:76.50,76.71 1 1
github.com/bokwoon95/pagemanager/sq/boolean_field.go:78.50,78.71 1 1
github.com/bokwoon95/pagemanager/sq/boolean_field.go:80.55,80.80 1 0
github.com/bokwoon95/pagemanager/sq/boolean_field.go:82.52,82.77 1 1
github.com/bokwoon95/pagemanager/sq/column.go:31.41,35.2 3 34
github.com/bokwoon95/pagemanager/sq/column.go:37.58,39.2 1 27
github.com/bokwoon95/pagemanager/sq/column.go:41.50,43.2 1 5
github.com/bokwoon95/pagemanager/sq/column.go:45.56,46.18 1 246
github.com/bokwoon95/pagemanager/sq/column.go:51.2,51.34 1 246
github.com/bokwoon95/pagemanager/sq/column.go:56.2,57.21 2 234
github.com/bokwoon95/pagemanager/sq/column.go:64.2,64.46 1 207
github.com/bokwoon95/pagemanager/sq/column.go:72.2,72.19 1 183
github.com/bokwoon95/pagemanager/sq/column.go:76.2,77.58 2 183
github.com/bokwoon95/pagemanager/sq/column.go:46.18,48.77 2 0
github.com/bokwoon95/pagemanager/sq/column.go:51.34,54.3 2 12
github.com/bokwoon95/pagemanager/sq/column.go:57.21,63.3 5 27
github.com/bokwoon95/pagemanager/sq/column.go:64.46,65.20 1 24
github.com/bokwoon95/pagemanager/sq/column.go:69.3,70.9 2 24
github.com/bokwoon95/pagemanager/sq/column.go:65.20,67.4 1 18
github.com/bokwoon95/pagemanager/sq/column.go:72.19,74.3 1 100
github.com/bokwoon95/pagemanager/sq/column.go:80.60,80.85 1 5
github.com/bokwoon95/pagemanager/sq/column.go:82.65,82.90 1 5
github.com/bokwoon95/pagemanager/sq/column.go:84.57,84.82 1 78
github.com/bokwoon95/pagemanager/sq/column.go:86.61,86.86 1 22
github.com/bokwoon95/pagemanager/sq/column.go:88.63,88.88 1 131
github.com/bokwoon95/pagemanager/sq/column.go:90.62,90.87 1 5
github.com/bokwoon95/pagemanager/sq/insert_query_mysql.go:9.152,11.2 1 12
github.com/bokwoon95/pagemanager/sq/insert_query_mysql.go:13.77,15.2 1 0
github.com/bokwoon95/pagemanager/sq/insert_query_mysql.go:17.65,19.2 1 0
github.com/bokwoon95/pagemanager/sq/insert_query_mysql.go:21.47,21.67 1 12
github.com/bokwoon95/pagemanager/sq/insert_query_mysql.go:23.75,29.2 1 10
github.com/bokwoon95/pagemanager/sq/insert_query_mysql.go:31.81,38.2 1 2
github.com/bokwoon95/pagemanager/sq/insert_query_mysql.go:40.69,43.2 2 3
github.com/bokwoon95/pagemanager/sq/insert_query_mysql.go:45.74,48.2 2 2
github.com/bokwoon95/pagemanager/sq/insert_query_mysql.go:50.80,53.2 2 9
github.com/bokwoon95/pagemanager/sq/insert_query_mysql.go:55.67,58.2 2 4
github.com/bokwoon95/pagemanager/sq/insert_query_mysql.go:60.79,63.2 2 2
github.com/bokwoon95/pagemanager/sq/insert_query_mysql.go:65.75,69.2 3 2
github.com/bokwoon95/pagemanager/sq/insert_query_mysql.go:71.92,74.2 2 6
github.com/bokwoon95/pagemanager/sq/number_field.go:13.188,15.2 1 597
github.com/bokwoon95/pagemanager/sq/number_field.go:17.40,17.68 1 147
github.com/bokwoon95/pagemanager/sq/number_field.go:19.39,19.66 1 125
github.com/bokwoon95/pagemanager/sq/number_field.go:21.72,28.2 1 480
github.com/bokwoon95/pagemanager/sq/number_field.go:30.69,35.2 1 419
github.com/bokwoon95/pagemanager/sq/number_field.go:37.51,40.2 2 208
github.com/bokwoon95/pagemanager/sq/number_field.go:42.40,46.2 3 52
github.com/bokwoon95/pagemanager/sq/number_field.go:48.41,52.2 3 52
github.com/bokwoon95/pagemanager/sq/number_field.go:54.46,58.2 3 1
github.com/bokwoon95/pagemanager/sq/number_field.go:60.47,64.2 3 1
github.com/bokwoon95/pagemanager/sq/number_field.go:66.41,66.61 1 4
github.com/bokwoon95/pagemanager/sq/number_field.go:68.44,68.67 1 4
github.com/bokwoon95/pagemanager/sq/number_field.go:70.50,70.69 1 8
github.com/bokwoon95/pagemanager/sq/number_field.go:72.54,72.77 1 79
github.com/bokwoon95/pagemanager/sq/number_field.go:74.54,74.77 1 1
github.com/bokwoon95/pagemanager/sq/number_field.go:76.54,76.77 1 1
github.com/bokwoon95/pagemanager/sq/number_field.go:78.54,78.77 1 1
github.com/bokwoon95/pagemanager/sq/number_field.go:80.54,80.77 1 1
github.com/bokwoon95/pagemanager/sq/number_field.go:82.54,82.77 1 1
github.com/bokwoon95/pagemanager/sq/number_field.go:84.47,84.68 1 108
github.com/bokwoon95/pagemanager/sq/number_field.go:86.47,86.68 1 1
github.com/bokwoon95/pagemanager/sq/number_field.go:88.47,88.68 1 34
github.com/bokwoon95/pagemanager/sq/number_field.go:90.47,90.68 1 1
github.com/bokwoon95/pagemanager/sq/number_field.go:92.47,92.68 1 1
github.com/bokwoon95/pagemanager/sq/number_field.go:94.47,94.68 1 67
github.com/bokwoon95/pagemanager/sq/number_field.go:96.51,96.72 1 8
github.com/bokwoon95/pagemanager/sq/number_field.go:98.51,98.72 1 1
github.com/bokwoon95/pagemanager/sq/number_field.go:100.51,100.72 1 1
github.com/bokwoon95/pagemanager/sq/number_field.go:102.51,102.72 1 1
github.com/bokwoon95/pagemanager/sq/number_field.go:104.51,104.72 1 1
github.com/bokwoon95/pagemanager/sq/number_field.go:106.51,106.72 1 1
github.com/bokwoon95/pagemanager/sq/number_field.go:108.55,108.76 1 1
github.com/bokwoon95/pagemanager/sq/number_field.go:110.55,110.76 1 1
github.com/bokwoon95/pagemanager/sq/number_field.go:112.55,112.76 1 1
github.com/bokwoon95/pagemanager/sq/number_field.go:114.55,114.76 1 1
github.com/bokwoon95/pagemanager/sq/number_field.go:116.55,116.76 1 1
github.com/bokwoon95/pagemanager/sq/number_field.go:118.55,118.76 1 1
github.com/bokwoon95/pagemanager/sq/number_field.go:120.54,120.79 1 0
github.com/bokwoon95/pagemanager/sq/number_field.go:122.49,122.74 1 1
github.com/bokwoon95/pagemanager/sq/number_field.go:124.53,124.78 1 4
github.com/bokwoon95/pagemanager/sq/number_field.go:126.57,126.82 1 1
github.com/bokwoon95/pagemanager/sq/select_query_postgres.go:9.155,11.2 1 27
github.com/bokwoon95/pagemanager/sq/select_query_postgres.go:13.80,15.2 1 18
github.com/bokwoon95/pagemanager/sq/select_query_postgres.go:17.68,19.2 1 12
github.com/bokwoon95/pagemanager/sq/select_query_postgres.go:21.50,21.70 1 24
github.com/bokwoon95/pagemanager/sq/select_query_postgres.go:23.69,29.2 1 14
github.com/bokwoon95/pagemanager/sq/select_query_postgres.go:31.75,37.2 1 3
github.com/bokwoon95/pagemanager/sq/select_query_postgres.go:39.75,45.2 1 17
github.com/bokwoon95/pagemanager/sq/select_query_postgres.go:47.63,53.2 1 12
github.com/bokwoon95/pagemanager/sq/select_query_postgres.go:55.83,62.2 1 2
github.com/bokwoon95/pagemanager/sq/select_query_postgres.go:64.68,67.2 2 2
github.com/bokwoon95/pagemanager/sq/select_query_postgres.go:69.74,72.2 2 3
github.com/bokwoon95/pagemanager/sq/select_query_postgres.go:74.82,78.2 3 1
github.com/bokwoon95/pagemanager/sq/select_query_postgres.go:80.78,83.2 2 1
github.com/bokwoon95/pagemanager/sq/select_query_postgres.go:85.68,88.2 2 28
github.com/bokwoon95/pagemanager/sq/select_query_postgres.go:90.93,93.2 2 17
github.com/bokwoon95/pagemanager/sq/select_query_postgres.go:95.97,98.2 2 4
github.com/bokwoon95/pagemanager/sq/select_query_postgres.go:100.98,103.2 2 1
github.com/bokwoon95/pagemanager/sq/select_query_postgres.go:105.97,108.2 2 1
github.com/bokwoon95/pagemanager/sq/select_query_postgres.go:110.73,113.2 2 1
github.com/bokwoon95/pagemanager/sq/select_query_postgres.go:115.118,118.2 2 1
github.com/bokwoon95/pagemanager/sq/select_query_postgres.go:120.81,123.2 2 26
github.com/bokwoon95/pagemanager/sq/select_query_postgres.go:125.75,128.2 2 7
github.com/bokwoon95/pagemanager/sq/select_query_postgres.go:130.82,133.2 2 2
github.com/bokwoon95/pagemanager/sq/select_query_postgres.go:135.75,138.2 2 10
github.com/bokwoon95/pagemanager/sq/select_query_postgres.go:140.69,144.2 3 8
github.com/bokwoon95/pagemanager/sq/select_query_postgres.go:146.71,150.2 3 1
github.com/bokwoon95/pagemanager/sq/update_query.go:36.147,37.32 1 32
github.com/bokwoon95/pagemanager/sq/update_query.go:40.2,42.27 3 32
github.com/bokwoon95/pagemanager/sq/update_query.go:51.2,51.21 1 31
github.com/bokwoon95/pagemanager/sq/update_query.go:58.2,59.26 2 30
github.com/bokwoon95/pagemanager/sq/update_query.go:62.2,63.16 2 29
github.com/bokwoon95/pagemanager/sq/update_query.go:66.2,66.52 1 28
github.com/bokwoon95/pagemanager/sq/update_query.go:73.2,73.29 1 28
github.com/bokwoon95/pagemanager/sq/update_query.go:77.2,77.29 1 27
github.com/bokwoon95/pagemanager/sq/update_query.go:85.2,85.24 1 26
github.com/bokwoon95/pagemanager/sq/update_query.go:100.2,100.27 1 24
github.com/bokwoon95/pagemanager/sq/update_query.go:111.2,111.55 1 22
github.com/bokwoon95/pagemanager/sq/update_query.go:119.2,120.64 2 21
github.com/bokwoon95/pagemanager/sq/update_query.go:129.2,129.62 1 21
github.com/bokwoon95/pagemanager/sq/update_query.go:138.2,138.41 1 21
github.com/bokwoon95/pagemanager/sq/update_query.go:149.2,149.42 1 21
github.com/bokwoon95/pagemanager/sq/update_query.go:158.2,158.30 1 20
github.com/bokwoon95/pagemanager/sq/update_query.go:169.2,169.22 1 18
github.com/bokwoon95/pagemanager/sq/update_query.go:179.2,179.23 1 17
github.com/bokwoon95/pagemanager/sq/update_query.go:189.2,189.32 1 16
github.com/bokwoon95/pagemanager/sq/update_query.go:199.2,199.12 1 15
github.com/bokwoon95/pagemanager/sq/update_query.go:37.32,39.3 1 0
github.com/bokwoon95/pagemanager/sq/update_query.go:42.27,45.17 3 5
github.com/bokwoon95/pagemanager/sq/update_query.go:48.3,48.42 1 4
github.com/bokwoon95/pagemanager/sq/update_query.go:45.17,47.4 1 1
github.com/bokwoon95/pagemanager/sq/update_query.go:51.21,53.17 2 7
github.com/bokwoon95/pagemanager/sq/update_query.go:53.17,55.4 1 1
github.com/bokwoon95/pagemanager/sq/update_query.go:59.26,61.3 1 1
github.com/bokwoon95/pagemanager/sq/update_query.go:63.16,65.3 1 1
github.com/bokwoon95/pagemanager/sq/update_query.go:66.52,69.3 2 7
github.com/bokwoon95/pagemanager/sq/update_query.go:69.8,72.3 2 21
github.com/bokwoon95/pagemanager/sq/update_query.go:73.29,75.3 1 1
github.com/bokwoon95/pagemanager/sq/update_query.go:77.29,80.17 3 15
github.com/bokwoon95/pagemanager/sq/update_query.go:80.17,82.4 1 1
github.com/bokwoon95/pagemanager/sq/update_query.go:85.24,86.30 1 7
github.com/bokwoon95/pagemanager/sq/update_query.go:89.3,91.17 3 6
github.com/bokwoon95/pagemanager/sq/update_query.go:94.3,95.18 2 5
github.com/bokwoon95/pagemanager/sq/update_query.go:86.30,88.4 1 1
github.com/bokwoon95/pagemanager/sq/update_query.go:91.17,93.4 1 1
github.com/bokwoon95/pagemanager/sq/update_query.go:95.18,97.4 1 1
github.com/bokwoon95/pagemanager/sq/update_query.go:100.27,101.52 1 11
github.com/bokwoon95/pagemanager/sq/update_query.go:104.3,106.17 3 10
github.com/bokwoon95/pagemanager/sq/update_query.go:101.52,103.4 1 1
github.com/bokwoon95/pagemanager/sq/update_query.go:106.17,108.4 1 1
github.com/bokwoon95/pagemanager/sq/update_query.go:111.55,114.17 3 11
github.com/bokwoon95/pagemanager/sq/update_query.go:114.17,116.4 1 1
github.com/bokwoon95/pagemanager/sq/update_query.go:120.64,122.17 2 0
github.com/bokwoon95/pagemanager/sq/update_query.go:125.3,125.23 1 0
github.com/bokwoon95/pagemanager/sq/update_query.go:122.17,124.4 1 0
github.com/bokwoon95/pagemanager/sq/update_query.go:125.23,127.4 1 0
github.com/bokwoon95/pagemanager/sq/update_query.go:129.62,131.17 2 0
github.com/bokwoon95/pagemanager/sq/update_query.go:134.3,134.23 1 0
github.com/bokwoon95/pagemanager/sq/update_query.go:131.17,133.4 1 0
github.com/bokwoon95/pagemanager/sq/update_query.go:134.23,136.4 1 0
github.com/bokwoon95/pagemanager/sq/update_query.go:138.41,139.67 1 26
github.com/bokwoon95/pagemanager/sq/update_query.go:139.67,141.18 2 0
github.com/bokwoon95/pagemanager/sq/update_query.go:144.4,144.24 1 0
github.com/bokwoon95/pagemanager/sq/update_query.go:141.18,143.5 1 0
github.com/bokwoon95/pagemanager/sq/update_query.go:144.24,146.5 1 0
github.com/bokwoon95/pagemanager/sq/update_query.go:149.42,153.17 4 16
github.com/bokwoon95/pagemanager/sq/update_query.go:153.17,155.4 1 1
github.com/bokwoon95/pagemanager/sq/update_query.go:158.30,159.58 1 4
github.com/bokwoon95/pagemanager/sq/update_query.go:162.3,164.17 3 3
github.com/bokwoon95/pagemanager/sq/update_query.go:159.58,161.4 1 1
github.com/bokwoon95/pagemanager/sq/update_query.go:164.17,166.4 1 1
github.com/bokwoon95/pagemanager/sq/update_query.go:169.22,170.58 1 3
github.com/bokwoon95/pagemanager/sq/update_query.go:173.3,174.17 2 2
github.com/bokwoon95/pagemanager/sq/update_query.go:170.58,172.4 1 1
github.com/bokwoon95/pagemanager/sq/update_query.go:174.17,176.4 1 0
github.com/bokwoon95/pagemanager/sq/update_query.go:179.23,180.31 1 2
github.com/bokwoon95/pagemanager/sq/update_query.go:183.3,184.17 2 1
github.com/bokwoon95/pagemanager/sq/update_query.go:180.31,182.4 1 1
github.com/bokwoon95/pagemanager/sq/update_query.go:184.17,186.4 1 0
github.com/bokwoon95/pagemanager/sq/update_query.go:189.32,190.61 1 4
github.com/bokwoon95/pagemanager/sq/update_query.go:193.3,195.17 3 3
github.com/bokwoon95/pagemanager/sq/update_query.go:190.61,192.4 1 1
github.com/bokwoon95/pagemanager/sq/update_query.go:195.17,197.4 1 0
github.com/bokwoon95/pagemanager/sq/update_query.go:202.72,203.19 1 4
github.com/bokwoon95/pagemanager/sq/update_query.go:204.38,206.16 2 3
github.com/bokwoon95/pagemanager/sq/update_query.go:207.10,208.74 1 1
github.com/bokwoon95/pagemanager/sq/update_query.go:212.60,213.19 1 2
github.com/bokwoon95/pagemanager/sq/update_query.go:214.38,215.32 1 1
github.com/bokwoon95/pagemanager/sq/update_query.go:216.10,217.74 1 1
github.com/bokwoon95/pagemanager/sq/update_query.go:221.42,221.62 1 17
github.com/bokwoon95/pagemanager/sq/blob_field.go:11.68,18.2 1 12
github.com/bokwoon95/pagemanager/sq/blob_field.go:20.38,20.66 1 0
github.com/bokwoon95/pagemanager/sq/blob_field.go:22.37,22.64 1 0
github.com/bokwoon95/pagemanager/sq/blob_field.go:24.186,26.2 1 7
github.com/bokwoon95/pagemanager/sq/blob_field.go:28.47,31.2 2 1
github.com/bokwoon95/pagemanager/sq/blob_field.go:33.36,37.2 3 1
github.com/bokwoon95/pagemanager/sq/blob_field.go:39.37,43.2 3 1
github.com/bokwoon95/pagemanager/sq/blob_field.go:45.42,49.2 3 1
github.com/bokwoon95/pagemanager/sq/blob_field.go:51.43,55.2 3 1
github.com/bokwoon95/pagemanager/sq/blob_field.go:57.39,57.59 1 1
github.com/bokwoon95/pagemanager/sq/blob_field.go:59.42,59.65 1 1
github.com/bokwoon95/pagemanager/sq/blob_field.go:61.52,61.77 1 0
github.com/bokwoon95/pagemanager/sq/blob_field.go:63.51,63.76 1 1
github.com/bokwoon95/pagemanager/sq/case.go:21.43,21.61 1 3
github.com/bokwoon95/pagemanager/sq/case.go:23.42,23.55 1 0
github.com/bokwoon95/pagemanager/sq/case.go:25.191,27.23 2 7
github.com/bokwoon95/pagemanager/sq/case.go:30.2,31.31 2 6
github.com/bokwoon95/pagemanager/sq/case.go:43.2,43.23 1 6
github.com/bokwoon95/pagemanager/sq/case.go:50.2,51.12 2 6
github.com/bokwoon95/pagemanager/sq/case.go:27.23,29.3 1 1
github.com/bokwoon95/pagemanager/sq/case.go:31.31,34.17 3 11
github.com/bokwoon95/pagemanager/sq/case.go:37.3,39.17 3 11
github.com/bokwoon95/pagemanager/sq/case.go:34.17,36.4 1 0
github.com/bokwoon95/pagemanager/sq/case.go:39.17,41.4 1 0
github.com/bokwoon95/pagemanager/sq/case.go:43.23,46.17 3 4
github.com/bokwoon95/pagemanager/sq/case.go:46.17,48.4 1 0
github.com/bokwoon95/pagemanager/sq/case.go:54.57,57.2 2 1
github.com/bokwoon95/pagemanager/sq/case.go:59.71,66.2 3 36
github.com/bokwoon95/pagemanager/sq/case.go:68.86,74.2 2 35
github.com/bokwoon95/pagemanager/sq/case.go:76.67,79.2 2 34
github.com/bokwoon95/pagemanager/sq/case.go:81.42,81.55 1 0
github.com/bokwoon95/pagemanager/sq/case.go:97.40,97.58 1 3
github.com/bokwoon95/pagemanager/sq/case.go:99.39,99.52 1 0
github.com/bokwoon95/pagemanager/sq/case.go:101.188,103.23 2 20
github.com/bokwoon95/pagemanager/sq/case.go:106.2,107.16 2 18
github.com/bokwoon95/pagemanager/sq/case.go:110.2,110.31 1 18
github.com/bokwoon95/pagemanager/sq/case.go:122.2,122.23 1 18
github.com/bokwoon95/pagemanager/sq/case.go:129.2,130.12 2 18
github.com/bokwoon95/pagemanager/sq/case.go:103.23,105.3 1 2
github.com/bokwoon95/pagemanager/sq/case.go:107.16,109.3 1 0
github.com/bokwoon95/pagemanager/sq/case.go:110.31,113.17 3 32
github.com/bokwoon95/pagemanager/sq/case.go:116.3,118.17 3 32
github.com/bokwoon95/pagemanager/sq/case.go:113.17,115.4 1 0
github.com/bokwoon95/pagemanager/sq/case.go:118.17,120.4 1 0
github.com/bokwoon95/pagemanager/sq/case.go:122.23,125.17 3 1
github.com/bokwoon95/pagemanager/sq/case.go:125.17,127.4 1 0
github.com/bokwoon95/pagemanager/sq/case.go:133.51,136.2 2 1
github.com/bokwoon95/pagemanager/sq/case.go:138.36,138.77 1 193
github.com/bokwoon95/pagemanager/sq/case.go:140.78,146.2 2 326
github.com/bokwoon95/pagemanager/sq/case.go:148.61,151.2 2 1
github.com/bokwoon95/pagemanager/sq/case.go:153.39,153.52 1 0
github.com/bokwoon95/pagemanager/sq/fetch.go:13.78,15.2 1 54
github.com/bokwoon95/pagemanager/sq/fetch.go:17.106,19.2 1 0
github.com/bokwoon95/pagemanager/sq/fetch.go:21.116,22.15 1 54
github.com/bokwoon95/pagemanager/sq/fetch.go:33.2,33.15 1 54
github.com/bokwoon95/pagemanager/sq/fetch.go:36.2,36.14 1 54
github.com/bokwoon95/pagemanager/sq/fetch.go:39.2,39.22 1 54
github.com/bokwoon95/pagemanager/sq/fetch.go:42.2,45.39 4 54
github.com/bokwoon95/pagemanager/sq/fetch.go:55.2,55.55 1 54
github.com/bokwoon95/pagemanager/sq/fetch.go:58.2,58.23 1 54
github.com/bokwoon95/pagemanager/sq/fetch.go:72.2,77.16 6 54
github.com/bokwoon95/pagemanager/sq/fetch.go:80.2,82.15 3 54
github.com/bokwoon95/pagemanager/sq/fetch.go:88.2,88.15 1 54
github.com/bokwoon95/pagemanager/sq/fetch.go:107.2,108.16 2 54
github.com/bokwoon95/pagemanager/sq/fetch.go:111.2,113.27 3 54
github.com/bokwoon95/pagemanager/sq/fetch.go:116.2,117.27 2 54
github.com/bokwoon95/pagemanager/sq/fetch.go:120.2,120.16 1 54
github.com/bokwoon95/pagemanager/sq/fetch.go:123.2,124.20 2 54
github.com/bokwoon95/pagemanager/sq/fetch.go:127.2,129.18 3 54
github.com/bokwoon95/pagemanager/sq/fetch.go:154.2,155.16 2 54
github.com/bokwoon95/pagemanager/sq/fetch.go:158.2,159.16 2 54
github.com/bokwoon95/pagemanager/sq/fetch.go:162.2,162.80 1 54
github.com/bokwoon95/pagemanager/sq/fetch.go:165.2,165.22 1 54
github.com/bokwoon95/pagemanager/sq/fetch.go:22.15,23.31 1 54
github.com/bokwoon95/pagemanager/sq/fetch.go:23.31,24.25 1 0
github.com/bokwoon95/pagemanager/sq/fetch.go:30.4,30.10 1 0
github.com/bokwoon95/pagemanager/sq/fetch.go:25.15,26.12 1 0
github.com/bokwoon95/pagemanager/sq/fetch.go:27.12,28.13 1 0
github.com/bokwoon95/pagemanager/sq/fetch.go:33.15,35.3 1 0
github.com/bokwoon95/pagemanager/sq/fetch.go:36.14,38.3 1 0
github.com/bokwoon95/pagemanager/sq/fetch.go:39.22,41.3 1 0
github.com/bokwoon95/pagemanager/sq/fetch.go:45.39,47.17 2 54
github.com/bokwoon95/pagemanager/sq/fetch.go:47.17,48.45 1 0
github.com/bokwoon95/pagemanager/sq/fetch.go:48.45,50.5 1 0
github.com/bokwoon95/pagemanager/sq/fetch.go:51.9,53.4 1 54
github.com/bokwoon95/pagemanager/sq/fetch.go:55.55,57.3 1 54
github.com/bokwoon95/pagemanager/sq/fetch.go:59.19,61.29 2 0
github.com/bokwoon95/pagemanager/sq/fetch.go:62.19,64.29 2 0
github.com/bokwoon95/pagemanager/sq/fetch.go:65.19,67.29 2 0
github.com/bokwoon95/pagemanager/sq/fetch.go:68.19,70.29 2 0
github.com/bokwoon95/pagemanager/sq/fetch.go:77.16,79.3 1 0
github.com/bokwoon95/pagemanager/sq/fetch.go:82.15,87.3 4 54
github.com/bokwoon95/pagemanager/sq/fetch.go:88.15,89.27 1 54
github.com/bokwoon95/pagemanager/sq/fetch.go:92.3,92.38 1 54
github.com/bokwoon95/pagemanager/sq/fetch.go:95.3,95.35 1 54
github.com/bokwoon95/pagemanager/sq/fetch.go:98.3,101.31 4 54
github.com/bokwoon95/pagemanager/sq/fetch.go:89.27,91.4 1 0
github.com/bokwoon95/pagemanager/sq/fetch.go:92.38,94.4 1 0
github.com/bokwoon95/pagemanager/sq/fetch.go:95.35,97.4 1 3
github.com/bokwoon95/pagemanager/sq/fetch.go:101.31,103.4 1 0
github.com/bokwoon95/pagemanager/sq/fetch.go:103.9,105.4 1 54
github.com/bokwoon95/pagemanager/sq/fetch.go:108.16,110.3 1 0
github.com/bokwoon95/pagemanager/sq/fetch.go:113.27,115.3 1 54
github.com/bokwoon95/pagemanager/sq/fetch.go:117.27,119.3 1 54
github.com/bokwoon95/pagemanager/sq/fetch.go:120.16,122.3 1 0
github.com/bokwoon95/pagemanager/sq/fetch.go:124.20,126.3 1 0
github.com/bokwoon95/pagemanager/sq/fetch.go:129.18,135.17 3 365
github.com/bokwoon95/pagemanager/sq/fetch.go:138.3,138.82 1 365
github.com/bokwoon95/pagemanager/sq/fetch.go:144.3,147.17 4 365
github.com/bokwoon95/pagemanager/sq/fetch.go:150.3,150.19 1 365
github.com/bokwoon95/pagemanager/sq/fetch.go:135.17,137.4 1 0
github.com/bokwoon95/pagemanager/sq/fetch.go:138.82,139.28 1 15
github.com/bokwoon95/pagemanager/sq/fetch.go:142.4,142.76 1 15
github.com/bokwoon95/pagemanager/sq/fetch.go:139.28,141.5 1 3
github.com/bokwoon95/pagemanager/sq/fetch.go:147.17,149.4 1 0
github.com/bokwoon95/pagemanager/sq/fetch.go:150.19,151.9 1 6
github.com/bokwoon95/pagemanager/sq/fetch.go:155.16,157.3 1 0
github.com/bokwoon95/pagemanager/sq/fetch.go:159.16,161.3 1 0
github.com/bokwoon95/pagemanager/sq/fetch.go:162.80,164.3 1 3
github.com/bokwoon95/pagemanager/sq/fetch.go:168.93,172.15 4 0
github.com/bokwoon95/pagemanager/sq/fetch.go:180.2,180.22 1 0
github.com/bokwoon95/pagemanager/sq/fetch.go:196.2,196.96 1 0
github.com/bokwoon95/pagemanager/sq/fetch.go:172.15,179.3 6 0
github.com/bokwoon95/pagemanager/sq/fetch.go:180.22,185.18 5 0
github.com/bokwoon95/pagemanager/sq/fetch.go:189.3,190.18 2 0
github.com/bokwoon95/pagemanager/sq/fetch.go:194.3,194.67 1 0
github.com/bokwoon95/pagemanager/sq/fetch.go:185.18,187.12 2 0
github.com/bokwoon95/pagemanager/sq/fetch.go:190.18,192.12 2 0
github.com/bokwoon95/pagemanager/sq/fetch.go:199.65,202.15 3 3
github.com/bokwoon95/pagemanager/sq/fetch.go:208.2,209.31 2 3
github.com/bokwoon95/pagemanager/sq/fetch.go:228.2,228.19 1 3
github.com/bokwoon95/pagemanager/sq/fetch.go:202.15,207.3 4 3
github.com/bokwoon95/pagemanager/sq/fetch.go:209.31,210.45 1 15
github.com/bokwoon95/pagemanager/sq/fetch.go:214.3,217.17 4 0
github.com/bokwoon95/pagemanager/sq/fetch.go:221.3,222.17 2 0
github.com/bokwoon95/pagemanager/sq/fetch.go:226.3,226.45 1 0
github.com/bokwoon95/pagemanager/sq/fetch.go:210.45,212.12 2 15
github.com/bokwoon95/pagemanager/sq/fetch.go:217.17,219.12 2 0
github.com/bokwoon95/pagemanager/sq/fetch.go:222.17,224.12 2 0
github.com/bokwoon95/pagemanager/sq/fetch.go:231.117,233.22 2 15
github.com/bokwoon95/pagemanager/sq/fetch.go:233.22,235.26 2 75
github.com/bokwoon95/pagemanager/sq/fetch.go:238.3,240.17 3 75
github.com/bokwoon95/pagemanager/sq/fetch.go:244.3,244.23 1 75
github.com/bokwoon95/pagemanager/sq/fetch.go:235.26,237.4 1 75
github.com/bokwoon95/pagemanager/sq/fetch.go:240.17,242.12 2 0
github.com/bokwoon95/pagemanager/sq/fetch.go:248.59,250.2 1 18
github.com/bokwoon95/pagemanager/sq/fetch.go:252.87,254.2 1 0
github.com/bokwoon95/pagemanager/sq/fetch.go:256.97,257.15 1 18
github.com/bokwoon95/pagemanager/sq/fetch.go:260.2,260.14 1 18
github.com/bokwoon95/pagemanager/sq/fetch.go:263.2,266.39 4 18
github.com/bokwoon95/pagemanager/sq/fetch.go:276.2,276.55 1 18
github.com/bokwoon95/pagemanager/sq/fetch.go:279.2,280.23 2 18
github.com/bokwoon95/pagemanager/sq/fetch.go:290.2,292.16 3 18
github.com/bokwoon95/pagemanager/sq/fetch.go:295.2,295.22 1 18
github.com/bokwoon95/pagemanager/sq/fetch.go:301.2,302.15 2 18
github.com/bokwoon95/pagemanager/sq/fetch.go:306.2,306.15 1 18
github.com/bokwoon95/pagemanager/sq/fetch.go:322.2,324.16 3 18
github.com/bokwoon95/pagemanager/sq/fetch.go:327.2,330.27 4 18
github.com/bokwoon95/pagemanager/sq/fetch.go:333.2,334.27 2 18
github.com/bokwoon95/pagemanager/sq/fetch.go:337.2,337.16 1 18
github.com/bokwoon95/pagemanager/sq/fetch.go:340.2,341.18 2 18
github.com/bokwoon95/pagemanager/sq/fetch.go:348.2,349.16 2 18
github.com/bokwoon95/pagemanager/sq/fetch.go:352.2,353.16 2 18
github.com/bokwoon95/pagemanager/sq/fetch.go:356.2,356.20 1 18
github.com/bokwoon95/pagemanager/sq/fetch.go:257.15,259.3 1 0
github.com/bokwoon95/pagemanager/sq/fetch.go:260.14,262.3 1 0
github.com/bokwoon95/pagemanager/sq/fetch.go:266.39,268.17 2 18
github.com/bokwoon95/pagemanager/sq/fetch.go:268.17,269.45 1 0
github.com/bokwoon95/pagemanager/sq/fetch.go:269.45,271.5 1 0
github.com/bokwoon95/pagemanager/sq/fetch.go:272.9,274.4 1 18
github.com/bokwoon95/pagemanager/sq/fetch.go:276.55,278.3 1 18
github.com/bokwoon95/pagemanager/sq/fetch.go:281.19,282.20 1 0
github.com/bokwoon95/pagemanager/sq/fetch.go:283.19,284.20 1 0
github.com/bokwoon95/pagemanager/sq/fetch.go:285.19,286.20 1 0
github.com/bokwoon95/pagemanager/sq/fetch.go:287.19,288.20 1 0
github.com/bokwoon95/pagemanager/sq/fetch.go:292.16,294.3 1 0
github.com/bokwoon95/pagemanager/sq/fetch.go:295.22,297.17 2 18
github.com/bokwoon95/pagemanager/sq/fetch.go:297.17,299.4 1 0
github.com/bokwoon95/pagemanager/sq/fetch.go:302.15,305.3 2 18
github.com/bokwoon95/pagemanager/sq/fetch.go:306.15,307.27 1 18
[...]
github.com/bokwoon95/pagemanager/sq/fmt.go:198.15,201.3 2 107
github.com/bokwoon95/pagemanager/sq/fmt.go:204.27,205.40 1 672
github.com/bokwoon95/pagemanager/sq/fmt.go:205.40,207.4 1 8
github.com/bokwoon95/pagemanager/sq/fmt.go:225.29,227.27 1 26936
github.com/bokwoon95/pagemanager/sq/fmt.go:232.3,232.31 1 26823
github.com/bokwoon95/pagemanager/sq/fmt.go:263.3,263.126 1 26407
github.com/bokwoon95/pagemanager/sq/fmt.go:270.3,270.25 1 26381
github.com/bokwoon95/pagemanager/sq/fmt.go:289.3,291.79 1 25181
github.com/bokwoon95/pagemanager/sq/fmt.go:296.3,296.48 1 24683
github.com/bokwoon95/pagemanager/sq/fmt.go:319.3,319.22 1 24498
github.com/bokwoon95/pagemanager/sq/fmt.go:227.27,229.12 2 113
github.com/bokwoon95/pagemanager/sq/fmt.go:232.31,234.24 2 416
github.com/bokwoon95/pagemanager/sq/fmt.go:260.4,260.12 1 416
github.com/bokwoon95/pagemanager/sq/fmt.go:235.24,237.29 1 380
github.com/bokwoon95/pagemanager/sq/fmt.go:247.13,249.20 1 36
github.com/bokwoon95/pagemanager/sq/fmt.go:237.29,241.62 1 30
github.com/bokwoon95/pagemanager/sq/fmt.go:241.62,243.7 1 5
github.com/bokwoon95/pagemanager/sq/fmt.go:243.12,245.7 1 25
github.com/bokwoon95/pagemanager/sq/fmt.go:249.20,253.47 1 2
github.com/bokwoon95/pagemanager/sq/fmt.go:253.47,255.7 1 1
github.com/bokwoon95/pagemanager/sq/fmt.go:255.12,257.7 1 1
github.com/bokwoon95/pagemanager/sq/fmt.go:263.126,267.12 4 26
github.com/bokwoon95/pagemanager/sq/fmt.go:270.25,272.34 1 1200
github.com/bokwoon95/pagemanager/sq/fmt.go:286.4,286.12 1 1200
github.com/bokwoon95/pagemanager/sq/fmt.go:272.34,274.19 2 481
github.com/bokwoon95/pagemanager/sq/fmt.go:277.5,279.51 3 481
github.com/bokwoon95/pagemanager/sq/fmt.go:282.5,282.30 1 481
github.com/bokwoon95/pagemanager/sq/fmt.go:274.19,276.6 1 0
github.com/bokwoon95/pagemanager/sq/fmt.go:279.51,281.6 1 1
github.com/bokwoon95/pagemanager/sq/fmt.go:283.10,285.5 1 719
github.com/bokwoon95/pagemanager/sq/fmt.go:291.79,293.12 2 498
github.com/bokwoon95/pagemanager/sq/fmt.go:296.48,302.32 1 185
github.com/bokwoon95/pagemanager/sq/fmt.go:306.4,306.37 1 181
github.com/bokwoon95/pagemanager/sq/fmt.go:309.4,310.18 2 181
github.com/bokwoon95/pagemanager/sq/fmt.go:313.4,315.12 3 181
github.com/bokwoon95/pagemanager/sq/fmt.go:302.32,304.13 2 4
github.com/bokwoon95/pagemanager/sq/fmt.go:306.37,308.5 1 0
github.com/bokwoon95/pagemanager/sq/fmt.go:310.18,312.5 1 0
github.com/bokwoon95/pagemanager/sq/fmt.go:322.24,324.17 2 21
github.com/bokwoon95/pagemanager/sq/fmt.go:327.3,327.30 1 21
github.com/bokwoon95/pagemanager/sq/fmt.go:324.17,326.4 1 0
github.com/bokwoon95/pagemanager/sq/fmt.go:329.30,331.3 1 0
github.com/bokwoon95/pagemanager/sq/fmt.go:335.157,337.127 2 502
github.com/bokwoon95/pagemanager/sq/fmt.go:343.2,343.20 1 502
github.com/bokwoon95/pagemanager/sq/fmt.go:354.2,355.16 2 500
github.com/bokwoon95/pagemanager/sq/fmt.go:368.2,368.59 1 8
github.com/bokwoon95/pagemanager/sq/fmt.go:371.2,372.9 2 8
github.com/bokwoon95/pagemanager/sq/fmt.go:375.2,375.33 1 8
github.com/bokwoon95/pagemanager/sq/fmt.go:378.2,379.16 2 8
github.com/bokwoon95/pagemanager/sq/fmt.go:382.2,382.24 1 8
github.com/bokwoon95/pagemanager/sq/fmt.go:337.127,339.3 1 12
github.com/bokwoon95/pagemanager/sq/fmt.go:339.8,341.3 1 490
github.com/bokwoon95/pagemanager/sq/fmt.go:343.20,344.26 1 2
github.com/bokwoon95/pagemanager/sq/fmt.go:347.3,348.17 2 2
github.com/bokwoon95/pagemanager/sq/fmt.go:351.3,351.25 1 2
github.com/bokwoon95/pagemanager/sq/fmt.go:344.26,346.4 1 0
github.com/bokwoon95/pagemanager/sq/fmt.go:348.17,350.4 1 0
github.com/bokwoon95/pagemanager/sq/fmt.go:355.16,357.34 2 492
github.com/bokwoon95/pagemanager/sq/fmt.go:360.3,361.17 2 492
github.com/bokwoon95/pagemanager/sq/fmt.go:364.3,364.25 1 492
github.com/bokwoon95/pagemanager/sq/fmt.go:357.34,359.4 1 0
github.com/bokwoon95/pagemanager/sq/fmt.go:361.17,363.4 1 0
github.com/bokwoon95/pagemanager/sq/fmt.go:368.59,370.3 1 0
github.com/bokwoon95/pagemanager/sq/fmt.go:372.9,374.3 1 0
github.com/bokwoon95/pagemanager/sq/fmt.go:375.33,377.3 1 0
github.com/bokwoon95/pagemanager/sq/fmt.go:379.16,381.3 1 0
github.com/bokwoon95/pagemanager/sq/fmt.go:385.60,386.23 1 770
github.com/bokwoon95/pagemanager/sq/fmt.go:498.2,501.65 3 0
github.com/bokwoon95/pagemanager/sq/fmt.go:505.2,505.19 1 0
github.com/bokwoon95/pagemanager/sq/fmt.go:508.2,508.31 1 0
github.com/bokwoon95/pagemanager/sq/fmt.go:511.2,511.31 1 0
github.com/bokwoon95/pagemanager/sq/fmt.go:514.2,514.15 1 0
github.com/bokwoon95/pagemanager/sq/fmt.go:517.2,517.79 1 0
github.com/bokwoon95/pagemanager/sq/fmt.go:387.11,388.21 1 0
github.com/bokwoon95/pagemanager/sq/fmt.go:389.12,390.8 1 0
github.com/bokwoon95/pagemanager/sq/fmt.go:395.14,396.33 1 0
github.com/bokwoon95/pagemanager/sq/fmt.go:401.3,401.49 1 0
github.com/bokwoon95/pagemanager/sq/fmt.go:402.14,403.47 1 368
github.com/bokwoon95/pagemanager/sq/fmt.go:404.17,405.53 1 6
github.com/bokwoon95/pagemanager/sq/fmt.go:406.11,407.46 1 286
github.com/bokwoon95/pagemanager/sq/fmt.go:408.12,409.46 1 0
github.com/bokwoon95/pagemanager/sq/fmt.go:410.13,411.46 1 0
github.com/bokwoon95/pagemanager/sq/fmt.go:412.13,413.46 1 0
github.com/bokwoon95/pagemanager/sq/fmt.go:414.13,415.39 1 23
github.com/bokwoon95/pagemanager/sq/fmt.go:416.12,417.48 1 0
github.com/bokwoon95/pagemanager/sq/fmt.go:418.13,419.48 1 0
github.com/bokwoon95/pagemanager/sq/fmt.go:420.14,421.48 1 0
github.com/bokwoon95/pagemanager/sq/fmt.go:422.14,423.48 1 0
github.com/bokwoon95/pagemanager/sq/fmt.go:424.14,425.40 1 0
github.com/bokwoon95/pagemanager/sq/fmt.go:426.15,427.59 1 0
github.com/bokwoon95/pagemanager/sq/fmt.go:428.15,429.50 1 0
github.com/bokwoon95/pagemanager/sq/fmt.go:430.20,431.34 1 12
github.com/bokwoon95/pagemanager/sq/fmt.go:432.20,433.15 1 0
github.com/bokwoon95/pagemanager/sq/fmt.go:442.23,443.15 1 0
github.com/bokwoon95/pagemanager/sq/fmt.go:448.21,449.15 1 0
github.com/bokwoon95/pagemanager/sq/fmt.go:454.21,455.15 1 0
github.com/bokwoon95/pagemanager/sq/fmt.go:460.22,461.15 1 0
github.com/bokwoon95/pagemanager/sq/fmt.go:466.20,467.15 1 0
github.com/bokwoon95/pagemanager/sq/fmt.go:472.21,474.17 2 75
github.com/bokwoon95/pagemanager/sq/fmt.go:477.3,477.26 1 75
github.com/bokwoon95/pagemanager/sq/fmt.go:390.8,392.4 1 0
github.com/bokwoon95/pagemanager/sq/fmt.go:392.9,394.4 1 0
github.com/bokwoon95/pagemanager/sq/fmt.go:396.33,400.4 1 0
github.com/bokwoon95/pagemanager/sq/fmt.go:433.15,435.4 1 0
github.com/bokwoon95/pagemanager/sq/fmt.go:435.9,436.14 1 0
github.com/bokwoon95/pagemanager/sq/fmt.go:436.14,438.5 1 0
github.com/bokwoon95/pagemanager/sq/fmt.go:438.10,440.5 1 0
github.com/bokwoon95/pagemanager/sq/fmt.go:443.15,445.4 1 0
github.com/bokwoon95/pagemanager/sq/fmt.go:445.9,447.4 1 0
github.com/bokwoon95/pagemanager/sq/fmt.go:449.15,451.4 1 0
github.com/bokwoon95/pagemanager/sq/fmt.go:451.9,453.4 1 0
github.com/bokwoon95/pagemanager/sq/fmt.go:455.15,457.4 1 0
github.com/bokwoon95/pagemanager/sq/fmt.go:457.9,459.4 1 0
github.com/bokwoon95/pagemanager/sq/fmt.go:461.15,463.4 1 0
github.com/bokwoon95/pagemanager/sq/fmt.go:463.9,465.4 1 0
github.com/bokwoon95/pagemanager/sq/fmt.go:467.15,469.4 1 0
github.com/bokwoon95/pagemanager/sq/fmt.go:469.9,471.4 1 0
github.com/bokwoon95/pagemanager/sq/fmt.go:474.17,476.4 1 0
github.com/bokwoon95/pagemanager/sq/fmt.go:478.14,479.41 1 60
github.com/bokwoon95/pagemanager/sq/fmt.go:480.16,481.52 1 0
github.com/bokwoon95/pagemanager/sq/fmt.go:482.13,483.10 1 0
github.com/bokwoon95/pagemanager/sq/fmt.go:488.15,489.51 1 0
github.com/bokwoon95/pagemanager/sq/fmt.go:490.15,491.49 1 15
github.com/bokwoon95/pagemanager/sq/fmt.go:492.18,493.55 1 0
github.com/bokwoon95/pagemanager/sq/fmt.go:494.11,495.125 1 0
github.com/bokwoon95/pagemanager/sq/fmt.go:483.10,485.5 1 0
github.com/bokwoon95/pagemanager/sq/fmt.go:485.10,487.5 1 0
github.com/bokwoon95/pagemanager/sq/fmt.go:501.65,504.3 2 0
github.com/bokwoon95/pagemanager/sq/fmt.go:505.19,507.3 1 0
github.com/bokwoon95/pagemanager/sq/fmt.go:508.31,510.3 1 0
github.com/bokwoon95/pagemanager/sq/fmt.go:511.31,513.3 1 0
github.com/bokwoon95/pagemanager/sq/fmt.go:514.15,516.3 1 0
github.com/bokwoon95/pagemanager/sq/fmt.go:527.57,529.2 1 6
github.com/bokwoon95/pagemanager/sq/fmt.go:531.42,531.55 1 6
github.com/bokwoon95/pagemanager/sq/fmt.go:533.41,533.54 1 0
github.com/bokwoon95/pagemanager/sq/fmt.go:535.149,537.2 1 6
github.com/bokwoon95/pagemanager/sq/fmt.go:547.57,549.2 1 48
github.com/bokwoon95/pagemanager/sq/fmt.go:551.80,553.2 1 0
github.com/bokwoon95/pagemanager/sq/fmt.go:555.82,557.2 1 0
github.com/bokwoon95/pagemanager/sq/fmt.go:559.79,561.2 1 0
github.com/bokwoon95/pagemanager/sq/fmt.go:563.147,565.2 1 33
github.com/bokwoon95/pagemanager/sq/fmt.go:567.65,569.2 1 0
github.com/bokwoon95/pagemanager/sq/fmt.go:571.60,573.2 1 2
github.com/bokwoon95/pagemanager/sq/fmt.go:575.42,575.62 1 0
github.com/bokwoon95/pagemanager/sq/insert_query_sqlite.go:9.153,11.2 1 9
github.com/bokwoon95/pagemanager/sq/insert_query_sqlite.go:13.78,15.2 1 4
github.com/bokwoon95/pagemanager/sq/insert_query_sqlite.go:17.66,19.2 1 0
github.com/bokwoon95/pagemanager/sq/insert_query_sqlite.go:21.48,21.68 1 13
github.com/bokwoon95/pagemanager/sq/insert_query_sqlite.go:23.71,29.2 1 4
github.com/bokwoon95/pagemanager/sq/insert_query_sqlite.go:31.77,37.2 1 9
github.com/bokwoon95/pagemanager/sq/insert_query_sqlite.go:39.64,42.2 2 1
github.com/bokwoon95/pagemanager/sq/insert_query_sqlite.go:44.76,47.2 2 5
github.com/bokwoon95/pagemanager/sq/insert_query_sqlite.go:49.71,52.2 2 3
github.com/bokwoon95/pagemanager/sq/insert_query_sqlite.go:54.76,57.2 2 2
github.com/bokwoon95/pagemanager/sq/insert_query_sqlite.go:59.82,62.2 2 10
github.com/bokwoon95/pagemanager/sq/insert_query_sqlite.go:64.78,68.2 3 2
github.com/bokwoon95/pagemanager/sq/insert_query_sqlite.go:74.77,79.2 4 7
github.com/bokwoon95/pagemanager/sq/insert_query_sqlite.go:81.87,84.2 2 2
github.com/bokwoon95/pagemanager/sq/insert_query_sqlite.go:86.61,90.2 3 4
github.com/bokwoon95/pagemanager/sq/insert_query_sqlite.go:92.88,95.2 2 3
github.com/bokwoon95/pagemanager/sq/insert_query_sqlite.go:97.77,100.2 2 1
github.com/bokwoon95/pagemanager/sq/insert_query_sqlite.go:102.73,105.2 2 1
github.com/bokwoon95/pagemanager/sq/select_query.go:37.147,38.32 1 159
github.com/bokwoon95/pagemanager/sq/select_query.go:41.2,43.21 2 159
github.com/bokwoon95/pagemanager/sq/select_query.go:50.2,51.33 2 154
github.com/bokwoon95/pagemanager/sq/select_query.go:67.2,67.30 1 151
github.com/bokwoon95/pagemanager/sq/select_query.go:70.2,71.16 2 150
github.com/bokwoon95/pagemanager/sq/select_query.go:75.2,75.24 1 148
github.com/bokwoon95/pagemanager/sq/select_query.go:86.2,86.27 1 141
github.com/bokwoon95/pagemanager/sq/select_query.go:97.2,98.58 2 139
github.com/bokwoon95/pagemanager/sq/select_query.go:107.2,107.41 1 139
github.com/bokwoon95/pagemanager/sq/select_query.go:118.2,118.40 1 139
github.com/bokwoon95/pagemanager/sq/select_query.go:122.2,122.42 1 139
github.com/bokwoon95/pagemanager/sq/select_query.go:131.2,131.30 1 137
github.com/bokwoon95/pagemanager/sq/select_query.go:139.2,139.43 1 136
github.com/bokwoon95/pagemanager/sq/select_query.go:148.2,148.30 1 135
github.com/bokwoon95/pagemanager/sq/select_query.go:156.2,156.22 1 134
github.com/bokwoon95/pagemanager/sq/select_query.go:163.2,163.23 1 134
github.com/bokwoon95/pagemanager/sq/select_query.go:169.2,169.12 1 134
github.com/bokwoon95/pagemanager/sq/select_query.go:38.32,40.3 1 0
github.com/bokwoon95/pagemanager/sq/select_query.go:43.21,45.17 2 20
github.com/bokwoon95/pagemanager/sq/select_query.go:45.17,47.4 1 5
github.com/bokwoon95/pagemanager/sq/select_query.go:51.33,52.33 1 4
github.com/bokwoon95/pagemanager/sq/select_query.go:55.3,55.17 1 3
github.com/bokwoon95/pagemanager/sq/select_query.go:58.3,60.17 3 2
github.com/bokwoon95/pagemanager/sq/select_query.go:63.3,63.24 1 1
github.com/bokwoon95/pagemanager/sq/select_query.go:52.33,54.4 1 1
github.com/bokwoon95/pagemanager/sq/select_query.go:55.17,57.4 1 1
github.com/bokwoon95/pagemanager/sq/select_query.go:60.17,62.4 1 1
github.com/bokwoon95/pagemanager/sq/select_query.go:64.8,64.23 1 150
github.com/bokwoon95/pagemanager/sq/select_query.go:64.23,66.3 1 6
github.com/bokwoon95/pagemanager/sq/select_query.go:67.30,69.3 1 1
github.com/bokwoon95/pagemanager/sq/select_query.go:71.16,73.3 1 2
github.com/bokwoon95/pagemanager/sq/select_query.go:75.24,78.17 3 131
github.com/bokwoon95/pagemanager/sq/select_query.go:81.3,81.61 1 124
github.com/bokwoon95/pagemanager/sq/select_query.go:78.17,80.4 1 7
github.com/bokwoon95/pagemanager/sq/select_query.go:81.61,83.4 1 23
github.com/bokwoon95/pagemanager/sq/select_query.go:86.27,87.25 1 33
github.com/bokwoon95/pagemanager/sq/select_query.go:90.3,92.17 3 32
github.com/bokwoon95/pagemanager/sq/select_query.go:87.25,89.4 1 1
github.com/bokwoon95/pagemanager/sq/select_query.go:92.17,94.4 1 1
github.com/bokwoon95/pagemanager/sq/select_query.go:98.58,100.17 2 0
github.com/bokwoon95/pagemanager/sq/select_query.go:103.3,103.23 1 0
github.com/bokwoon95/pagemanager/sq/select_query.go:100.17,102.4 1 0
github.com/bokwoon95/pagemanager/sq/select_query.go:103.23,105.4 1 0
github.com/bokwoon95/pagemanager/sq/select_query.go:107.41,108.63 1 78
github.com/bokwoon95/pagemanager/sq/select_query.go:108.63,110.18 2 0
github.com/bokwoon95/pagemanager/sq/select_query.go:113.4,113.24 1 0
github.com/bokwoon95/pagemanager/sq/select_query.go:110.18,112.5 1 0
github.com/bokwoon95/pagemanager/sq/select_query.go:113.24,115.5 1 0
github.com/bokwoon95/pagemanager/sq/select_query.go:118.40,121.3 2 0
github.com/bokwoon95/pagemanager/sq/select_query.go:122.42,126.17 4 82
github.com/bokwoon95/pagemanager/sq/select_query.go:126.17,128.4 1 2
github.com/bokwoon95/pagemanager/sq/select_query.go:131.30,134.17 3 18
github.com/bokwoon95/pagemanager/sq/select_query.go:134.17,136.4 1 1
github.com/bokwoon95/pagemanager/sq/select_query.go:139.43,143.17 4 7
github.com/bokwoon95/pagemanager/sq/select_query.go:143.17,145.4 1 1
github.com/bokwoon95/pagemanager/sq/select_query.go:148.30,151.17 3 32
github.com/bokwoon95/pagemanager/sq/select_query.go:151.17,153.4 1 1
github.com/bokwoon95/pagemanager/sq/select_query.go:156.22,158.17 2 25
github.com/bokwoon95/pagemanager/sq/select_query.go:158.17,160.4 1 0
github.com/bokwoon95/pagemanager/sq/select_query.go:163.23,165.17 2 3
github.com/bokwoon95/pagemanager/sq/select_query.go:165.17,167.4 1 0
github.com/bokwoon95/pagemanager/sq/select_query.go:172.72,175.2 2 61
github.com/bokwoon95/pagemanager/sq/select_query.go:177.60,179.2 1 62
github.com/bokwoon95/pagemanager/sq/select_query.go:181.42,181.62 1 12
github.com/bokwoon95/pagemanager/sq/subquery.go:20.54,26.18 2 28
github.com/bokwoon95/pagemanager/sq/subquery.go:30.2,31.16 2 26
github.com/bokwoon95/pagemanager/sq/subquery.go:35.2,35.22 1 25
github.com/bokwoon95/pagemanager/sq/subquery.go:39.2,39.31 1 24
github.com/bokwoon95/pagemanager/sq/subquery.go:50.2,50.41 1 23
github.com/bokwoon95/pagemanager/sq/subquery.go:53.2,53.10 1 23
github.com/bokwoon95/pagemanager/sq/subquery.go:26.18,29.3 2 2
github.com/bokwoon95/pagemanager/sq/subquery.go:31.16,34.3 2 1
github.com/bokwoon95/pagemanager/sq/subquery.go:35.22,38.3 2 1
github.com/bokwoon95/pagemanager/sq/subquery.go:39.31,41.22 2 25
github.com/bokwoon95/pagemanager/sq/subquery.go:44.3,44.22 1 25
github.com/bokwoon95/pagemanager/sq/subquery.go:48.3,48.49 1 24
github.com/bokwoon95/pagemanager/sq/subquery.go:41.22,43.4 1 8
github.com/bokwoon95/pagemanager/sq/subquery.go:44.22,47.4 2 1
github.com/bokwoon95/pagemanager/sq/subquery.go:50.41,52.3 1 24
github.com/bokwoon95/pagemanager/sq/subquery.go:56.37,56.63 1 7
github.com/bokwoon95/pagemanager/sq/subquery.go:58.36,58.49 1 0
github.com/bokwoon95/pagemanager/sq/subquery.go:60.144,61.24 1 13
github.com/bokwoon95/pagemanager/sq/subquery.go:64.2,66.16 3 9
github.com/bokwoon95/pagemanager/sq/subquery.go:69.2,70.86 2 8
github.com/bokwoon95/pagemanager/sq/subquery.go:73.2,73.12 1 7
github.com/bokwoon95/pagemanager/sq/subquery.go:61.24,63.3 1 4
github.com/bokwoon95/pagemanager/sq/subquery.go:66.16,68.3 1 1
github.com/bokwoon95/pagemanager/sq/subquery.go:70.86,72.3 1 1
github.com/bokwoon95/pagemanager/sq/subquery.go:76.57,86.2 1 17
github.com/bokwoon95/pagemanager/sq/subquery.go:97.42,97.70 1 1
github.com/bokwoon95/pagemanager/sq/subquery.go:99.41,99.68 1 0
github.com/bokwoon95/pagemanager/sq/subquery.go:101.190,102.88 1 17
github.com/bokwoon95/pagemanager/sq/subquery.go:105.2,105.50 1 16
github.com/bokwoon95/pagemanager/sq/subquery.go:112.2,112.90 1 14
github.com/bokwoon95/pagemanager/sq/subquery.go:102.88,104.3 1 1
github.com/bokwoon95/pagemanager/sq/subquery.go:105.50,106.25 1 2
github.com/bokwoon95/pagemanager/sq/subquery.go:106.25,108.4 1 1
github.com/bokwoon95/pagemanager/sq/subquery.go:108.9,110.4 1 1
github.com/bokwoon95/pagemanager/sq/subquery.go:115.55,118.2 2 1
github.com/bokwoon95/pagemanager/sq/subquery.go:120.44,124.2 3 1
github.com/bokwoon95/pagemanager/sq/subquery.go:126.45,130.2 3 1
github.com/bokwoon95/pagemanager/sq/subquery.go:132.50,136.2 3 1
github.com/bokwoon95/pagemanager/sq/subquery.go:138.51,142.2 3 1
github.com/bokwoon95/pagemanager/sq/subquery.go:144.43,144.63 1 1
github.com/bokwoon95/pagemanager/sq/subquery.go:146.46,146.69 1 1
github.com/bokwoon95/pagemanager/sq/subquery.go:148.52,148.71 1 1
github.com/bokwoon95/pagemanager/sq/subquery.go:150.52,150.71 1 2
github.com/bokwoon95/pagemanager/sq/subquery.go:152.52,152.71 1 1
github.com/bokwoon95/pagemanager/sq/subquery.go:154.52,154.71 1 1
github.com/bokwoon95/pagemanager/sq/subquery.go:156.52,156.71 1 1
github.com/bokwoon95/pagemanager/sq/subquery.go:158.52,158.71 1 1
github.com/bokwoon95/pagemanager/sq/subquery.go:160.52,160.71 1 1
github.com/bokwoon95/pagemanager/sq/table_info.go:12.72,18.2 1 0
github.com/bokwoon95/pagemanager/sq/table_info.go:22.147,23.27 1 357
github.com/bokwoon95/pagemanager/sq/table_info.go:26.2,27.12 2 357
github.com/bokwoon95/pagemanager/sq/table_info.go:23.27,25.3 1 1
github.com/bokwoon95/pagemanager/sq/table_info.go:30.40,30.65 1 365
github.com/bokwoon95/pagemanager/sq/table_info.go:32.39,32.63 1 65
github.com/bokwoon95/pagemanager/sq/table_info.go:34.41,34.67 1 2
github.com/bokwoon95/pagemanager/sq/table_info.go:36.56,36.75 1 0
github.com/bokwoon95/pagemanager/sq/time_field.go:14.186,16.2 1 65
github.com/bokwoon95/pagemanager/sq/time_field.go:18.38,18.66 1 18
github.com/bokwoon95/pagemanager/sq/time_field.go:20.37,20.64 1 4
github.com/bokwoon95/pagemanager/sq/time_field.go:22.68,29.2 1 263
github.com/bokwoon95/pagemanager/sq/time_field.go:31.65,36.2 1 2
github.com/bokwoon95/pagemanager/sq/time_field.go:38.47,41.2 2 1
github.com/bokwoon95/pagemanager/sq/time_field.go:43.36,47.2 3 1
github.com/bokwoon95/pagemanager/sq/time_field.go:49.37,53.2 3 1
github.com/bokwoon95/pagemanager/sq/time_field.go:55.42,59.2 3 1
github.com/bokwoon95/pagemanager/sq/time_field.go:61.43,65.2 3 1
github.com/bokwoon95/pagemanager/sq/time_field.go:67.39,67.59 1 4
github.com/bokwoon95/pagemanager/sq/time_field.go:69.42,69.65 1 6
github.com/bokwoon95/pagemanager/sq/time_field.go:71.48,71.67 1 2
github.com/bokwoon95/pagemanager/sq/time_field.go:73.50,73.73 1 1
github.com/bokwoon95/pagemanager/sq/time_field.go:75.50,75.73 1 1
github.com/bokwoon95/pagemanager/sq/time_field.go:77.50,77.73 1 1
github.com/bokwoon95/pagemanager/sq/time_field.go:79.50,79.73 1 1
github.com/bokwoon95/pagemanager/sq/time_field.go:81.50,81.73 1 1
github.com/bokwoon95/pagemanager/sq/time_field.go:83.50,83.73 1 1
github.com/bokwoon95/pagemanager/sq/time_field.go:85.52,85.73 1 4
github.com/bokwoon95/pagemanager/sq/time_field.go:87.52,87.73 1 1
github.com/bokwoon95/pagemanager/sq/time_field.go:89.52,89.73 1 1
github.com/bokwoon95/pagemanager/sq/time_field.go:91.52,91.73 1 1
github.com/bokwoon95/pagemanager/sq/time_field.go:93.52,93.73 1 1
github.com/bokwoon95/pagemanager/sq/time_field.go:95.52,95.73 1 1
github.com/bokwoon95/pagemanager/sq/time_field.go:97.52,97.77 1 0
github.com/bokwoon95/pagemanager/sq/time_field.go:99.54,99.79 1 1
